[17-38-40]  - success (15aaaf1e-c337-25d4-030e-7f0f526fd7ee)[17:39:32] api - success (c2b31b9b-0763-9214-ae0b-ab94b4356d4a)[17:39:33] api - success (08e372d5-2c0e-1c57-4d7c-e719d359f2c2)[17:39:33] api - success (6d558f56-bf1d-6322-1bb9-4b798eda3521)[17:40:03] api - success (df9c3a43-225a-cdd4-4b83-752070731f5a)
[17:40:03] api - success (682ede15-c48f-f457-daec-a6b88e2ee2fd)
[17:40:04] api - success (b5a8ac32-4c90-4941-039e-be5da3685ec1)
[17:40:05] api - success (b101478c-ec34-fa92-4523-dcbb01a80a34)
[17:47:17.000000] api - success (31e3301b-8023-5f67-161a-cfd80705aa44)
[17:47:17.000000] api - success (a30fd95f-810a-ef1a-0a97-78f4389c7260)
[17:47:18.000000] api - success (8ac7c77e-e7bf-ec36-7ca6-1812d0719f9c)
[17:50:26] api - Generating invoice (c4935f4e-7c1f-080f-8ed5-415432f494c6)
[17:50:26] api - Generating invoice (a78c3096-417e-b7ce-15cb-e81c0af4c64d)
[17:50:28] api - Invoice sent by email (c4935f4e-7c1f-080f-8ed5-415432f494c6)
[17:50:28] api - success (c4935f4e-7c1f-080f-8ed5-415432f494c6)
[17:50:30] api - Invoice sent by email (a78c3096-417e-b7ce-15cb-e81c0af4c64d)
[17:50:30] api - success (a78c3096-417e-b7ce-15cb-e81c0af4c64d)
[17:59:41] api - pending (ff90879b-2f3f-b951-b0ab-a54d7625f4a1)
[18:00:05] api - pending (bf7fffee-b552-3f72-bf7f-1844e653e09b)
[18:01:42] api - pending (605c3e1c-14c6-615f-8743-68f6c020fcb3)
[18:01:42] api - pending (a2aa4860-d905-4488-3548-6e467084ebf5)
[18:01:42] api - pending (f4ced21a-fea4-a663-10a6-370cbf7d8f47)
[18:02:26] api - pending (307f7341-e614-9e38-0bf6-67fbbfd85013)
[18:02:26] worker - Generating invoice (307f7341-e614-9e38-0bf6-67fbbfd85013)
[18:02:29] worker - Invoice sent by email (307f7341-e614-9e38-0bf6-67fbbfd85013)
[18:05:00] api - pending (bee338b0-0fba-622c-b3fd-0310a82117fc)
[18:05:00] worker - Generating invoice (bee338b0-0fba-622c-b3fd-0310a82117fc)
[18:05:03] worker - Invoice sent by email (bee338b0-0fba-622c-b3fd-0310a82117fc)
[18:07:03] (df044a27-a5d8-5b59-f3c6-9eeb6f49b347) api - pending
[18:07:03] (df044a27-a5d8-5b59-f3c6-9eeb6f49b347) worker - Generating invoice
[18:07:06] (df044a27-a5d8-5b59-f3c6-9eeb6f49b347) worker - Invoice sent by email
[18:08:20] 1f78e518-15c5-165b-5b09-8f5e0732fd0c [api] Pending
[18:08:20] 1f78e518-15c5-165b-5b09-8f5e0732fd0c [worker] Generating invoice
[18:08:25] 1f78e518-15c5-165b-5b09-8f5e0732fd0c [worker] Invoice sent by email
[18:11:44] 581ccf6095521 [worker] Generating invoice
[18:11:47] 581ccf6095521 [worker] Invoice sent by email
[18:11:47] 581ccf609c0d6 [worker] Generating invoice
[18:11:50] 581ccf609c0d6 [worker] Invoice sent by email
[18:11:50] 581ccf609d3bd [worker] Generating invoice
[18:11:54] 581ccf609d3bd [worker] Invoice sent by email
[18:11:54] 581ccf609f4d8 [worker] Generating invoice
[18:11:56] 581ccf609f4d8 [worker] Invoice sent by email
[18:11:56] 581ccf60a01dd [worker] Generating invoice
[18:12:00] 581ccf60a01dd [worker] Invoice sent by email
[18:12:00] 581ccf60a0df3 [worker] Generating invoice
[18:12:02] 581ccf60a1a9c [worker] Generating invoice
[18:12:02] 581ccf60a2599 [worker] Generating invoice
[18:12:02] 581ccf60a3060 [worker] Generating invoice
[18:12:03] 581ccf60a0df3 [worker] Invoice sent by email
[18:12:03] 581ccf60a4845 [worker] Generating invoice
[18:12:03] 581ccf60a5c93 [worker] Generating invoice
[18:12:03] 581ccf60a6ca2 [worker] Generating invoice
[18:12:03] 581ccf60a7923 [worker] Generating invoice
[18:12:03] 581ccf60a902c [worker] Generating invoice
[18:12:03] 581ccf60aa7c9 [worker] Generating invoice
[18:12:04] 581ccf60abe28 [worker] Generating invoice
[18:12:05] 581ccf60a1a9c [worker] Invoice sent by email
[18:12:05] 581ccf60ae03b [worker] Generating invoice
[18:12:06] 581ccf60aa7c9 [worker] Invoice sent by email
[18:12:06] 581ccf60aed69 [worker] Generating invoice
[18:12:06] 581ccf60a3060 [worker] Invoice sent by email
[18:12:06] 581ccf60afba1 [worker] Generating invoice
[18:12:06] 581ccf60abe28 [worker] Invoice sent by email
[18:12:06] 581ccf60b0a26 [worker] Generating invoice
[18:12:06] 581ccf60a4845 [worker] Invoice sent by email
[18:12:06] 581ccf60b366e [worker] Generating invoice
[18:12:07] 581ccf60a5c93 [worker] Invoice sent by email
[18:12:07] 581ccf60ae03b [worker] Invoice sent by email
[18:12:07] 581ccf60b5336 [worker] Generating invoice
[18:12:07] 581ccf60b43d3 [worker] Generating invoice
[18:12:07] 581ccf60a7923 [worker] Invoice sent by email
[18:12:07] 581ccf60b602d [worker] Generating invoice
[18:12:08] 581ccf60a902c [worker] Invoice sent by email
[18:12:08] 581ccf60b6df1 [worker] Generating invoice
[18:12:08] 581ccf60a2599 [worker] Invoice sent by email
[18:12:08] 581ccf60b7b71 [worker] Generating invoice
[18:12:08] 581ccf60a6ca2 [worker] Invoice sent by email
[18:12:08] 581ccf60b8822 [worker] Generating invoice
[18:12:08] 581ccf60aed69 [worker] Invoice sent by email
[18:12:08] 581ccf60bb067 [worker] Generating invoice
[18:12:08] 581ccf60afba1 [worker] Invoice sent by email
[18:12:08] 581ccf60bbf05 [worker] Generating invoice
[18:12:09] 581ccf60b0a26 [worker] Invoice sent by email
[18:12:09] 581ccf60bccb8 [worker] Generating invoice
[18:12:10] 581ccf60b366e [worker] Invoice sent by email
[18:12:10] 581ccf60bdbef [worker] Generating invoice
[18:12:10] 581ccf60b6df1 [worker] Invoice sent by email
[18:12:10] 581ccf60be8e0 [worker] Generating invoice
[18:12:10] 581ccf60b7b71 [worker] Invoice sent by email
[18:12:10] 581ccf60c2b1e [worker] Generating invoice
[18:12:10] 581ccf60b5336 [worker] Invoice sent by email
[18:12:10] 581ccf60b43d3 [worker] Invoice sent by email
[18:12:10] 581ccf60c407b [worker] Generating invoice
[18:12:10] 581ccf60c4f65 [worker] Generating invoice
[18:12:10] 581ccf60bbf05 [worker] Invoice sent by email
[18:12:10] 581ccf60c5c40 [worker] Generating invoice
[18:12:11] 581ccf60b8822 [worker] Invoice sent by email
[18:12:11] 581ccf60c6827 [worker] Generating invoice
[18:12:11] 581ccf60bb067 [worker] Invoice sent by email
[18:12:11] 581ccf60ca953 [worker] Generating invoice
[18:12:11] 581ccf60b602d [worker] Invoice sent by email
[18:12:11] 581ccf60bccb8 [worker] Invoice sent by email
[18:12:11] 581ccf60cc77f [worker] Generating invoice
[18:12:11] 581ccf60cd69b [worker] Generating invoice
[18:12:12] 581ccf60be8e0 [worker] Invoice sent by email
[18:12:12] 581ccf60d038a [worker] Generating invoice
[18:12:12] 581ccf60c2b1e [worker] Invoice sent by email
[18:12:12] 581ccf60d25b9 [worker] Generating invoice
[18:12:13] 581ccf60bdbef [worker] Invoice sent by email
[18:12:13] 581ccf60d32aa [worker] Generating invoice
[18:12:13] 581ccf60ca953 [worker] Invoice sent by email
[18:12:13] 581ccf60c5c40 [worker] Invoice sent by email
[18:12:13] 581ccf60d3fa1 [worker] Generating invoice
[18:12:13] 581ccf60d762a [worker] Generating invoice
[18:12:14] 581ccf60cc77f [worker] Invoice sent by email
[18:12:14] 581ccf60d88f4 [worker] Generating invoice
[18:12:14] 581ccf60c407b [worker] Invoice sent by email
[18:12:14] 581ccf60d9c2a [worker] Generating invoice
[18:12:14] 581ccf60c4f65 [worker] Invoice sent by email
[18:12:14] 581ccf60dadc3 [worker] Generating invoice
[18:12:15] 581ccf60d25b9 [worker] Invoice sent by email
[18:12:15] 581ccf60dbcdf [worker] Generating invoice
[18:12:15] 581ccf60c6827 [worker] Invoice sent by email
[18:12:15] 581ccf60dc857 [worker] Generating invoice
[18:12:16] 581ccf60cd69b [worker] Invoice sent by email
[18:12:16] 581ccf60dd442 [worker] Generating invoice
[18:12:16] 581ccf60d88f4 [worker] Invoice sent by email
[18:12:16] 581ccf60de0ff [worker] Generating invoice
[18:12:16] 581ccf60d32aa [worker] Invoice sent by email
[18:12:16] 581ccf60e15d5 [worker] Generating invoice
[18:12:16] 581ccf60d038a [worker] Invoice sent by email
[18:12:16] 581ccf60e26d6 [worker] Generating invoice
[18:12:17] 581ccf60dadc3 [worker] Invoice sent by email
[18:12:17] 581ccf60e37b4 [worker] Generating invoice
[18:12:17] 581ccf60dc857 [worker] Invoice sent by email
[18:12:17] 581ccf60e4621 [worker] Generating invoice
[18:12:17] 581ccf60d762a [worker] Invoice sent by email
[18:12:17] 581ccf60d3fa1 [worker] Invoice sent by email
[18:12:17] 581ccf60e520e [worker] Generating invoice
[18:12:17] 581ccf60e5e98 [worker] Generating invoice
[18:12:18] 581ccf60e26d6 [worker] Invoice sent by email
[18:12:18] 581ccf60e8b4c [worker] Generating invoice
[18:12:18] 581ccf60d9c2a [worker] Invoice sent by email
[18:12:18] 581ccf60e97ab [worker] Generating invoice
[18:12:19] 581ccf60de0ff [worker] Invoice sent by email
[18:12:19] 581ccf60ea630 [worker] Generating invoice
[18:12:19] 581ccf60e15d5 [worker] Invoice sent by email
[18:12:19] 581ccf60ed83c [worker] Generating invoice
[18:12:19] 581ccf60dbcdf [worker] Invoice sent by email
[18:12:19] 581ccf60eecb0 [worker] Generating invoice
[18:12:20] 581ccf60e5e98 [worker] Invoice sent by email
[18:12:20] 581ccf60e520e [worker] Invoice sent by email
[18:12:20] 581ccf60eff21 [worker] Generating invoice
[18:12:20] 581ccf60f262b [worker] Generating invoice
[18:12:20] 581ccf60dd442 [worker] Invoice sent by email
[18:12:20] 581ccf60f33a6 [worker] Generating invoice
[18:12:20] 581ccf60e97ab [worker] Invoice sent by email
[18:12:20] 581ccf60f41a4 [worker] Generating invoice
[18:12:20] 581ccf60e4621 [worker] Invoice sent by email
[18:12:20] 581ccf6100c53 [worker] Generating invoice
[18:12:21] 581ccf60ea630 [worker] Invoice sent by email
[18:12:21] 581ccf6101ae6 [worker] Generating invoice
[18:12:21] 581ccf60ed83c [worker] Invoice sent by email
[18:12:21] 581ccf610276d [worker] Generating invoice
[18:12:21] 581ccf60e8b4c [worker] Invoice sent by email
[18:12:21] 581ccf6103497 [worker] Generating invoice
[18:12:21] 581ccf60e37b4 [worker] Invoice sent by email
[18:12:21] 581ccf610416b [worker] Generating invoice
[18:12:22] 581ccf60eff21 [worker] Invoice sent by email
[18:12:22] 581ccf6104e89 [worker] Generating invoice
[18:12:22] 581ccf60f41a4 [worker] Invoice sent by email
[18:12:22] 581ccf6105b15 [worker] Generating invoice
[18:12:22] 581ccf6100c53 [worker] Invoice sent by email
[18:12:22] 581ccf610687e [worker] Generating invoice
[18:12:23] 581ccf60f33a6 [worker] Invoice sent by email
[18:12:23] 581ccf61075ee [worker] Generating invoice
[18:12:23] 581ccf6101ae6 [worker] Invoice sent by email
[18:12:23] 581ccf610a1b4 [worker] Generating invoice
[18:12:23] 581ccf60eecb0 [worker] Invoice sent by email
[18:12:23] 581ccf610aec0 [worker] Generating invoice
[18:12:24] 581ccf60f262b [worker] Invoice sent by email
[18:12:24] 581ccf610baa6 [worker] Generating invoice
[18:12:24] 581ccf610276d [worker] Invoice sent by email
[18:12:24] 581ccf610c7fb [worker] Generating invoice
[18:12:24] 581ccf6105b15 [worker] Invoice sent by email
[18:12:24] 581ccf610f75c [worker] Generating invoice
[18:12:25] 581ccf6103497 [worker] Invoice sent by email
[18:12:25] 581ccf611048c [worker] Generating invoice
[18:12:25] 581ccf610aec0 [worker] Invoice sent by email
[18:12:25] 581ccf611111f [worker] Generating invoice
[18:12:25] 581ccf610416b [worker] Invoice sent by email
[18:12:25] 581ccf6111e75 [worker] Generating invoice
[18:12:25] 581ccf610687e [worker] Invoice sent by email
[18:12:25] 581ccf6112be3 [worker] Generating invoice
[18:12:26] 581ccf610baa6 [worker] Invoice sent by email
[18:12:26] 581ccf6104e89 [worker] Invoice sent by email
[18:12:26] 581ccf61138bc [worker] Generating invoice
[18:12:26] 581ccf6116981 [worker] Generating invoice
[18:12:26] 581ccf61075ee [worker] Invoice sent by email
[18:12:26] 581ccf611772f [worker] Generating invoice
[18:12:26] 581ccf610a1b4 [worker] Invoice sent by email
[18:12:26] 581ccf6118816 [worker] Generating invoice
[18:12:26] 581ccf610c7fb [worker] Invoice sent by email
[18:12:26] 581ccf6119607 [worker] Generating invoice
[18:12:27] 581ccf610f75c [worker] Invoice sent by email
[18:12:27] 581ccf611a224 [worker] Generating invoice
[18:12:28] 581ccf61138bc [worker] Invoice sent by email
[18:12:28] 581ccf6116981 [worker] Invoice sent by email
[18:12:28] 581ccf611ae04 [worker] Generating invoice
[18:12:28] 581ccf611baa5 [worker] Generating invoice
[18:12:28] 581ccf611048c [worker] Invoice sent by email
[18:12:28] 581ccf611c795 [worker] Generating invoice
[18:12:28] 581ccf611111f [worker] Invoice sent by email
[18:12:28] 581ccf611d3b3 [worker] Generating invoice
[18:12:28] 581ccf6111e75 [worker] Invoice sent by email
[18:12:28] 581ccf611dfde [worker] Generating invoice
[18:12:29] 581ccf6118816 [worker] Invoice sent by email
[18:12:29] 581ccf611ed3c [worker] Generating invoice
[18:12:29] 581ccf611a224 [worker] Invoice sent by email
[18:12:29] 581ccf611fb52 [worker] Generating invoice
[18:12:29] 581ccf6112be3 [worker] Invoice sent by email
[18:12:29] 581ccf6121c68 [worker] Generating invoice
[18:12:30] 581ccf611772f [worker] Invoice sent by email
[18:12:30] 581ccf6125608 [worker] Generating invoice
[18:12:30] 581ccf611ae04 [worker] Invoice sent by email
[18:12:30] 581ccf611baa5 [worker] Invoice sent by email
[18:12:30] 581ccf6119607 [worker] Invoice sent by email
[18:12:30] 581ccf611c795 [worker] Invoice sent by email
[18:12:31] 581ccf611ed3c [worker] Invoice sent by email
[18:12:31] 581ccf611d3b3 [worker] Invoice sent by email
[18:12:32] 581ccf611dfde [worker] Invoice sent by email
[18:12:32] 581ccf6121c68 [worker] Invoice sent by email
[18:12:33] 581ccf611fb52 [worker] Invoice sent by email
[18:12:34] 581ccf6125608 [worker] Invoice sent by email
[18:16:11] 581cd06b83b40 [worker] Generating invoice
[18:16:11] 581cd06b8bae8 [worker] Generating invoice
[18:16:11] 581cd06b8e1ba [worker] Generating invoice
[18:16:11] 581cd06b91dcd [worker] Generating invoice
[18:16:11] 581cd06b8fbc0 [worker] Generating invoice
[18:16:14] 581cd06b8fbc0 [worker] Invoice sent by email
[18:16:14] 581cd06b93d8f [worker] Generating invoice
[18:16:15] 581cd06b83b40 [worker] Invoice sent by email
[18:16:15] 581cd06b951a6 [worker] Treatment failed
[18:16:15] 581cd06b978ff [worker] Generating invoice
[18:16:15] 581cd06b8e1ba [worker] Invoice sent by email
[18:16:15] 581cd06b9953f [worker] Treatment failed
[18:16:15] 581cd06b9aa30 [worker] Generating invoice
[18:16:16] 581cd06b91dcd [worker] Invoice sent by email
[18:16:16] 581cd06b8bae8 [worker] Invoice sent by email
[18:16:16] 581cd06b9c710 [worker] Treatment failed
[18:16:16] 581cd06b9f2b9 [worker] Treatment failed
[18:16:16] 581cd06b9e5f5 [worker] Generating invoice
[18:16:16] 581cd06b9ff6e [worker] Generating invoice
[18:16:17] 581cd06b93d8f [worker] Invoice sent by email
[18:16:17] 581cd06b9aa30 [worker] Invoice sent by email
[18:16:17] 581cd06ba170b [worker] Generating invoice
[18:16:17] 581cd06ba0a6b [worker] Treatment failed
[18:16:17] 581cd06ba2324 [worker] Treatment failed
[18:16:17] 581cd06ba4975 [worker] Treatment failed
[18:16:17] 581cd06ba558b [worker] Generating invoice
[18:16:19] 581cd06b978ff [worker] Invoice sent by email
[18:16:19] 581cd06ba6152 [worker] Generating invoice
[18:16:20] 581cd06b9ff6e [worker] Invoice sent by email
[18:16:20] 581cd06b9e5f5 [worker] Invoice sent by email
[18:16:20] 581cd06ba6f11 [worker] Generating invoice
[18:16:20] 581cd06ba7c06 [worker] Treatment failed
[18:16:20] 581cd06ba87bf [worker] Treatment failed
[18:16:20] 581cd06ba928e [worker] Generating invoice
[18:16:21] 581cd06ba170b [worker] Invoice sent by email
[18:16:21] 581cd06ba558b [worker] Invoice sent by email
[18:16:21] 581cd06bac5e8 [worker] Treatment failed
[18:16:21] 581cd06bab855 [worker] Generating invoice
[18:16:21] 581cd06bad1b6 [worker] Generating invoice
[18:16:22] 581cd06ba6f11 [worker] Invoice sent by email
[18:16:22] 581cd06badc2e [worker] Treatment failed
[18:16:22] 581cd06ba928e [worker] Invoice sent by email
[18:16:22] 581cd06bae924 [worker] Generating invoice
[18:16:22] 581cd06baf4c2 [worker] Generating invoice
[18:16:23] 581cd06ba6152 [worker] Invoice sent by email
[18:16:23] 581cd06bb0140 [worker] Generating invoice
[18:16:23] 581cd06bab855 [worker] Invoice sent by email
[18:16:23] 581cd06bb0d5c [worker] Treatment failed
[18:16:23] 581cd06bad1b6 [worker] Invoice sent by email
[18:16:23] 581cd06bb198a [worker] Generating invoice
[18:16:23] 581cd06bb2550 [worker] Generating invoice
[18:16:25] 581cd06bb198a [worker] Invoice sent by email
[18:16:25] 581cd06bb2550 [worker] Invoice sent by email
[18:16:25] 581cd06bb3384 [worker] Generating invoice
[18:16:25] 581cd06bb4013 [worker] Treatment failed
[18:16:25] 581cd06bb4cd5 [worker] Generating invoice
[18:16:26] 581cd06bae924 [worker] Invoice sent by email
[18:16:26] 581cd06baf4c2 [worker] Invoice sent by email
[18:16:26] 581cd06bb5871 [worker] Generating invoice
[18:16:26] 581cd06bb67a3 [worker] Generating invoice
[18:16:27] 581cd06bb0140 [worker] Invoice sent by email
[18:16:27] 581cd06bb741e [worker] Generating invoice
[18:16:27] 581cd06bb4cd5 [worker] Invoice sent by email
[18:16:27] 581cd06bb3384 [worker] Invoice sent by email
[18:16:27] 581cd06bb809c [worker] Treatment failed
[18:16:27] 581cd06bb9071 [worker] Treatment failed
[18:16:27] 581cd06bba318 [worker] Generating invoice
[18:16:27] 581cd06bbb4c2 [worker] Treatment failed
[18:16:27] 581cd06bbe371 [worker] Generating invoice
[18:16:29] 581cd06bb741e [worker] Invoice sent by email
[18:16:29] 581cd06bbfe37 [worker] Generating invoice
[18:16:29] 581cd06bb67a3 [worker] Invoice sent by email
[18:16:29] 581cd06bb5871 [worker] Invoice sent by email
[18:16:29] 581cd06bc0ef1 [worker] Generating invoice
[18:16:29] 581cd06bc1fff [worker] Generating invoice
[18:16:29] 581cd06bba318 [worker] Invoice sent by email
[18:16:29] 581cd06bc2f6c [worker] Generating invoice
[18:16:30] 581cd06bbe371 [worker] Invoice sent by email
[18:16:30] 581cd06bc6056 [worker] Generating invoice
[18:16:31] 581cd06bbfe37 [worker] Invoice sent by email
[18:16:31] 581cd06bc74d3 [worker] Treatment failed
[18:16:31] 581cd06bc81dd [worker] Treatment failed
[18:16:31] 581cd06bc8e5e [worker] Treatment failed
[18:16:31] 581cd06bc9c00 [worker] Generating invoice
[18:16:31] 581cd06bc0ef1 [worker] Invoice sent by email
[18:16:31] 581cd06bca9b4 [worker] Generating invoice
[18:16:31] 581cd06bc2f6c [worker] Invoice sent by email
[18:16:31] 581cd06bcd591 [worker] Generating invoice
[18:16:32] 581cd06bc6056 [worker] Invoice sent by email
[18:16:32] 581cd06bce245 [worker] Generating invoice
[18:16:33] 581cd06bc1fff [worker] Invoice sent by email
[18:16:33] 581cd06bd0300 [worker] Generating invoice
[18:16:33] 581cd06bcd591 [worker] Invoice sent by email
[18:16:33] 581cd06bd110e [worker] Generating invoice
[18:16:34] 581cd06bc9c00 [worker] Invoice sent by email
[18:16:34] 581cd06bd1f2f [worker] Generating invoice
[18:16:34] 581cd06bca9b4 [worker] Invoice sent by email
[18:16:34] 581cd06bd2c9e [worker] Treatment failed
[18:16:34] 581cd06bd37ca [worker] Treatment failed
[18:16:34] 581cd06bd43b8 [worker] Treatment failed
[18:16:34] 581cd06bd501e [worker] Treatment failed
[18:16:34] 581cd06bd5b6f [worker] Generating invoice
[18:16:34] 581cd06bce245 [worker] Invoice sent by email
[18:16:34] 581cd06bd6759 [worker] Generating invoice
[18:16:35] 581cd06bd0300 [worker] Invoice sent by email
[18:16:35] 581cd06bd7540 [worker] Generating invoice
[18:16:36] 581cd06bd110e [worker] Invoice sent by email
[18:16:36] 581cd06bd6759 [worker] Invoice sent by email
[18:16:36] 581cd06bdd5c2 [worker] Generating invoice
[18:16:36] 581cd06bd834a [worker] Generating invoice
[18:16:37] 581cd06bd7540 [worker] Invoice sent by email
[18:16:37] 581cd06bde601 [worker] Generating invoice
[18:16:38] 581cd06bd1f2f [worker] Invoice sent by email
[18:16:38] 581cd06bdf3b8 [worker] Generating invoice
[18:16:38] 581cd06bd5b6f [worker] Invoice sent by email
[18:16:38] 581cd06be00da [worker] Generating invoice
[18:16:39] 581cd06bd834a [worker] Invoice sent by email
[18:16:39] 581cd06be0d3d [worker] Generating invoice
[18:16:40] 581cd06bde601 [worker] Invoice sent by email
[18:16:40] 581cd06be17f0 [worker] Treatment failed
[18:16:40] 581cd06be22ba [worker] Generating invoice
[18:16:40] 581cd06be00da [worker] Invoice sent by email
[18:16:40] 581cd06be2dfd [worker] Generating invoice
[18:16:40] 581cd06bdd5c2 [worker] Invoice sent by email
[18:16:40] 581cd06be6297 [worker] Treatment failed
[18:16:40] 581cd06be73e6 [worker] Generating invoice
[18:16:41] 581cd06bdf3b8 [worker] Invoice sent by email
[18:16:41] 581cd06be858d [worker] Treatment failed
[18:16:41] 581cd06be90e3 [worker] Treatment failed
[18:16:41] 581cd06beb38f [worker] Generating invoice
[18:16:42] 581cd06be22ba [worker] Invoice sent by email
[18:16:42] 581cd06bec058 [worker] Generating invoice
[18:16:42] 581cd06be2dfd [worker] Invoice sent by email
[18:16:42] 581cd06bf02bf [worker] Generating invoice
[18:16:42] 581cd06be73e6 [worker] Invoice sent by email
[18:16:42] 581cd06be0d3d [worker] Invoice sent by email
[18:16:42] 581cd06bf161c [worker] Generating invoice
[18:16:42] 581cd06bf25ee [worker] Treatment failed
[18:16:42] 581cd06bf32ff [worker] Generating invoice
[18:16:44] 581cd06bf02bf [worker] Invoice sent by email
[18:16:44] 581cd06bf401f [worker] Generating invoice
[18:16:44] 581cd06bf32ff [worker] Invoice sent by email
[18:16:44] 581cd06c02dee [worker] Generating invoice
[18:16:45] 581cd06beb38f [worker] Invoice sent by email
[18:16:45] 581cd06c03a81 [worker] Generating invoice
[18:16:45] 581cd06bf161c [worker] Invoice sent by email
[18:16:45] 581cd06c05dd1 [worker] Generating invoice
[18:16:46] 581cd06bec058 [worker] Invoice sent by email
[18:16:46] 581cd06c068f5 [worker] Treatment failed
[18:16:46] 581cd06c08e42 [worker] Treatment failed
[18:16:46] 581cd06c09b26 [worker] Generating invoice
[18:16:46] 581cd06bf401f [worker] Invoice sent by email
[18:16:46] 581cd06c0a6f3 [worker] Generating invoice
[18:16:48] 581cd06c0a6f3 [worker] Invoice sent by email
[18:16:48] 581cd06c0cb27 [worker] Treatment failed
[18:16:48] 581cd06c0f44b [worker] Generating invoice
[18:16:48] 581cd06c05dd1 [worker] Invoice sent by email
[18:16:48] 581cd06c02dee [worker] Invoice sent by email
[18:16:48] 581cd06c11436 [worker] Generating invoice
[18:16:48] 581cd06c12444 [worker] Generating invoice
[18:16:49] 581cd06c03a81 [worker] Invoice sent by email
[18:16:49] 581cd06c1456a [worker] Generating invoice
[18:16:50] 581cd06c09b26 [worker] Invoice sent by email
[18:16:50] 581cd06c15112 [worker] Generating invoice
[18:16:50] 581cd06c11436 [worker] Invoice sent by email
[18:16:50] 581cd06b8fbc0 [worker] Treatment failed
[18:16:50] 581cd06b83b40 [worker] Generating invoice
[18:16:52] 581cd06c0f44b [worker] Invoice sent by email
[18:16:52] 581cd06c12444 [worker] Invoice sent by email
[18:16:52] 581cd06b951a6 [worker] Generating invoice
[18:16:52] 581cd06b8e1ba [worker] Generating invoice
[18:16:53] 581cd06c1456a [worker] Invoice sent by email
[18:16:53] 581cd06b9953f [worker] Generating invoice
[18:16:53] 581cd06c15112 [worker] Invoice sent by email
[18:16:53] 581cd06b91dcd [worker] Generating invoice
[18:16:54] 581cd06b83b40 [worker] Invoice sent by email
[18:16:54] 581cd06b8bae8 [worker] Generating invoice
[18:16:55] 581cd06b951a6 [worker] Invoice sent by email
[18:16:55] 581cd06b9c710 [worker] Generating invoice
[18:16:55] 581cd06b91dcd [worker] Invoice sent by email
[18:16:55] 581cd06b9f2b9 [worker] Generating invoice
[18:16:56] 581cd06b8e1ba [worker] Invoice sent by email
[18:16:56] 581cd06b93d8f [worker] Treatment failed
[18:16:56] 581cd06b9aa30 [worker] Treatment failed
[18:16:56] 581cd06ba0a6b [worker] Generating invoice
[18:16:56] 581cd06b8bae8 [worker] Invoice sent by email
[18:16:56] 581cd06ba2324 [worker] Treatment failed
[18:16:56] 581cd06ba4975 [worker] Generating invoice
[18:16:57] 581cd06b9953f [worker] Invoice sent by email
[18:16:57] 581cd06b978ff [worker] Generating invoice
[18:16:58] 581cd06b9c710 [worker] Invoice sent by email
[18:16:58] 581cd06b9ff6e [worker] Generating invoice
[18:16:58] 581cd06ba0a6b [worker] Invoice sent by email
[18:16:58] 581cd06b9e5f5 [worker] Generating invoice
[18:16:59] 581cd06b9f2b9 [worker] Invoice sent by email
[18:16:59] 581cd06ba7c06 [worker] Generating invoice
[18:17:00] 581cd06ba4975 [worker] Invoice sent by email
[18:17:00] 581cd06ba87bf [worker] Generating invoice
[18:17:01] 581cd06b9ff6e [worker] Invoice sent by email
[18:17:01] 581cd06ba558b [worker] Generating invoice
[18:17:01] 581cd06b9e5f5 [worker] Invoice sent by email
[18:17:01] 581cd06ba170b [worker] Generating invoice
[18:17:01] 581cd06b978ff [worker] Invoice sent by email
[18:17:01] 581cd06bac5e8 [worker] Generating invoice
[18:17:01] 581cd06ba7c06 [worker] Invoice sent by email
[18:17:01] 581cd06ba6f11 [worker] Generating invoice
[18:17:03] 581cd06ba87bf [worker] Invoice sent by email
[18:17:03] 581cd06badc2e [worker] Treatment failed
[18:17:03] 581cd06ba928e [worker] Generating invoice
[18:17:03] 581cd06bac5e8 [worker] Invoice sent by email
[18:17:03] 581cd06ba6152 [worker] Generating invoice
[18:17:04] 581cd06ba558b [worker] Invoice sent by email
[18:17:04] 581cd06bab855 [worker] Treatment failed
[18:17:04] 581cd06bb0d5c [worker] Generating invoice
[18:17:04] 581cd06ba170b [worker] Invoice sent by email
[18:17:04] 581cd06bad1b6 [worker] Treatment failed
[18:17:04] 581cd06bb2550 [worker] Generating invoice
[18:17:05] 581cd06ba928e [worker] Invoice sent by email
[18:17:05] 581cd06bb198a [worker] Generating invoice
[18:17:06] 581cd06ba6f11 [worker] Invoice sent by email
[18:17:06] 581cd06bb4013 [worker] Treatment failed
[18:17:06] 581cd06bae924 [worker] Generating invoice
[18:17:06] 581cd06bb0d5c [worker] Invoice sent by email
[18:17:06] 581cd06baf4c2 [worker] Generating invoice
[18:17:06] 581cd06bb2550 [worker] Invoice sent by email
[18:17:06] 581cd06bb0140 [worker] Generating invoice
[18:17:07] 581cd06ba6152 [worker] Invoice sent by email
[18:17:07] 581cd06bb4cd5 [worker] Generating invoice
[18:17:08] 581cd06bb0140 [worker] Invoice sent by email
[18:17:08] 581cd06bb3384 [worker] Generating invoice
[18:17:09] 581cd06bae924 [worker] Invoice sent by email
[18:17:09] 581cd06bb809c [worker] Generating invoice
[18:17:09] 581cd06bb198a [worker] Invoice sent by email
[18:17:09] 581cd06baf4c2 [worker] Invoice sent by email
[18:17:09] 581cd06bbb4c2 [worker] Generating invoice
[18:17:09] 581cd06bb9071 [worker] Generating invoice
[18:17:11] 581cd06bb809c [worker] Invoice sent by email
[18:17:11] 581cd06bb741e [worker] Treatment failed
[18:17:11] 581cd06bb67a3 [worker] Treatment failed
[18:17:11] 581cd06bb5871 [worker] Treatment failed
[18:17:11] 581cd06bba318 [worker] Generating invoice
[18:17:12] 581cd06bb4cd5 [worker] Invoice sent by email
[18:17:12] 581cd06bbe371 [worker] Treatment failed
[18:17:12] 581cd06bbfe37 [worker] Treatment failed
[18:17:12] 581cd06bc74d3 [worker] Generating invoice
[18:17:12] 581cd06bbb4c2 [worker] Invoice sent by email
[18:17:12] 581cd06bc81dd [worker] Generating invoice
[18:17:12] 581cd06bb3384 [worker] Invoice sent by email
[18:17:12] 581cd06bc8e5e [worker] Generating invoice
[18:17:13] 581cd06bb9071 [worker] Invoice sent by email
[18:17:13] 581cd06bc0ef1 [worker] Generating invoice
[18:17:14] 581cd06bc74d3 [worker] Invoice sent by email
[18:17:14] 581cd06bc2f6c [worker] Generating invoice
[18:17:14] 581cd06bba318 [worker] Invoice sent by email
[18:17:14] 581cd06bc6056 [worker] Generating invoice
[18:17:14] 581cd06bc81dd [worker] Invoice sent by email
[18:17:14] 581cd06bc1fff [worker] Treatment failed
[18:17:14] 581cd06bcd591 [worker] Generating invoice
[18:17:14] 581cd06bc8e5e [worker] Invoice sent by email
[18:17:14] 581cd06bc9c00 [worker] Generating invoice
[18:17:15] 581cd06bc0ef1 [worker] Invoice sent by email
[18:17:15] 581cd06bca9b4 [worker] Generating invoice
[18:17:17] 581cd06bc2f6c [worker] Invoice sent by email
[18:17:17] 581cd06bd2c9e [worker] Generating invoice
[18:17:17] 581cd06bc6056 [worker] Invoice sent by email
[18:17:17] 581cd06bd37ca [worker] Treatment failed
[18:17:17] 581cd06bd43b8 [worker] Generating invoice
[18:17:18] 581cd06bcd591 [worker] Invoice sent by email
[18:17:18] 581cd06bd501e [worker] Generating invoice
[18:17:18] 581cd06bc9c00 [worker] Invoice sent by email
[18:17:18] 581cd06bce245 [worker] Generating invoice
[18:17:19] 581cd06bca9b4 [worker] Invoice sent by email
[18:17:19] 581cd06bd0300 [worker] Generating invoice
[18:17:20] 581cd06bd2c9e [worker] Invoice sent by email
[18:17:20] 581cd06bd110e [worker] Treatment failed
[18:17:20] 581cd06bd6759 [worker] Generating invoice
[18:17:20] 581cd06bd43b8 [worker] Invoice sent by email
[18:17:20] 581cd06bd7540 [worker] Generating invoice
[18:17:20] 581cd06bd501e [worker] Invoice sent by email
[18:17:20] 581cd06bd1f2f [worker] Generating invoice
[18:17:22] 581cd06bce245 [worker] Invoice sent by email
[18:17:22] 581cd06bd5b6f [worker] Generating invoice
[18:17:23] 581cd06bd6759 [worker] Invoice sent by email
[18:17:23] 581cd06bd834a [worker] Generating invoice
[18:17:23] 581cd06bd1f2f [worker] Invoice sent by email
[18:17:23] 581cd06bd0300 [worker] Invoice sent by email
[18:17:23] 581cd06bde601 [worker] Generating invoice
[18:17:23] 581cd06be17f0 [worker] Generating invoice
[18:17:24] 581cd06bd7540 [worker] Invoice sent by email
[18:17:24] 581cd06be00da [worker] Generating invoice
[18:17:25] 581cd06bd834a [worker] Invoice sent by email
[18:17:25] 581cd06bdd5c2 [worker] Generating invoice
[18:17:25] 581cd06bd5b6f [worker] Invoice sent by email
[18:17:25] 581cd06be6297 [worker] Generating invoice
[18:17:26] 581cd06be00da [worker] Invoice sent by email
[18:17:26] 581cd06bdf3b8 [worker] Treatment failed
[18:17:26] 581cd06be858d [worker] Generating invoice
[18:17:27] 581cd06be17f0 [worker] Invoice sent by email
[18:17:27] 581cd06bde601 [worker] Invoice sent by email
[18:17:27] 581cd06be90e3 [worker] Generating invoice
[18:17:27] 581cd06be22ba [worker] Generating invoice
[18:17:27] 581cd06be6297 [worker] Invoice sent by email
[18:17:27] 581cd06be2dfd [worker] Treatment failed
[18:17:27] 581cd06be73e6 [worker] Generating invoice
[18:17:28] 581cd06bdd5c2 [worker] Invoice sent by email
[18:17:28] 581cd06be0d3d [worker] Treatment failed
[18:17:28] 581cd06bf25ee [worker] Treatment failed
[18:17:28] 581cd06bf02bf [worker] Treatment failed
[18:17:28] 581cd06bf32ff [worker] Treatment failed
[18:17:28] 581cd06beb38f [worker] Generating invoice
[18:17:30] 581cd06be858d [worker] Invoice sent by email
[18:17:30] 581cd06bf161c [worker] Generating invoice
[18:17:30] 581cd06be73e6 [worker] Invoice sent by email
[18:17:30] 581cd06bec058 [worker] Generating invoice
[18:17:31] 581cd06be90e3 [worker] Invoice sent by email
[18:17:31] 581cd06be22ba [worker] Invoice sent by email
[18:17:31] 581cd06c068f5 [worker] Generating invoice
[18:17:31] 581cd06c08e42 [worker] Generating invoice
[18:17:32] 581cd06beb38f [worker] Invoice sent by email
[18:17:32] 581cd06bf401f [worker] Generating invoice
[18:17:32] 581cd06bf161c [worker] Invoice sent by email
[18:17:32] 581cd06c0a6f3 [worker] Generating invoice
[18:17:33] 581cd06c08e42 [worker] Invoice sent by email
[18:17:33] 581cd06c0cb27 [worker] Generating invoice
[18:17:34] 581cd06bf401f [worker] Invoice sent by email
[18:17:34] 581cd06c05dd1 [worker] Treatment failed
[18:17:34] 581cd06c02dee [worker] Treatment failed
[18:17:34] 581cd06c03a81 [worker] Generating invoice
[18:17:34] 581cd06c0a6f3 [worker] Invoice sent by email
[18:17:34] 581cd06c09b26 [worker] Treatment failed
[18:17:34] 581cd06c11436 [worker] Treatment failed
[18:17:34] 581cd06b8fbc0 [worker] Treatment failed
[18:17:34] 581cd06c0f44b [worker] Generating invoice
[18:17:34] 581cd06c068f5 [worker] Invoice sent by email
[18:17:34] 581cd06c12444 [worker] Generating invoice
[18:17:34] 581cd06bec058 [worker] Invoice sent by email
[18:17:34] 581cd06c1456a [worker] Generating invoice
[18:17:36] 581cd06c0cb27 [worker] Invoice sent by email
[18:17:36] 581cd06c15112 [worker] Generating invoice
[18:17:37] 581cd06c0f44b [worker] Invoice sent by email
[18:17:37] 581cd06b83b40 [worker] Treatment failed
[18:17:37] 581cd06b951a6 [worker] Generating invoice
[18:17:37] 581cd06c12444 [worker] Invoice sent by email
[18:17:37] 581cd06b91dcd [worker] Generating invoice
[18:17:37] 581cd06c1456a [worker] Invoice sent by email
[18:17:37] 581cd06b8e1ba [worker] Generating invoice
[18:17:38] 581cd06c03a81 [worker] Invoice sent by email
[18:17:38] 581cd06b93d8f [worker] Generating invoice
[18:17:38] 581cd06c15112 [worker] Invoice sent by email
[18:17:38] 581cd06b9aa30 [worker] Treatment failed
[18:17:38] 581cd06b8bae8 [worker] Treatment failed
[18:17:38] 581cd06ba2324 [worker] Generating invoice
[18:17:39] 581cd06b951a6 [worker] Invoice sent by email
[18:17:39] 581cd06b9953f [worker] Generating invoice
[18:17:41] 581cd06b93d8f [worker] Invoice sent by email
[18:17:41] 581cd06b9c710 [worker] Generating invoice
[18:17:41] 581cd06b91dcd [worker] Invoice sent by email
[18:17:41] 581cd06ba0a6b [worker] Treatment failed
[18:17:41] 581cd06b9f2b9 [worker] Generating invoice
[18:17:41] 581cd06b8e1ba [worker] Invoice sent by email
[18:17:41] 581cd06ba4975 [worker] Generating invoice
[18:17:41] 581cd06ba2324 [worker] Invoice sent by email
[18:17:41] 581cd06b9ff6e [worker] Generating invoice
[18:17:43] 581cd06b9c710 [worker] Invoice sent by email
[18:17:43] 581cd06b9e5f5 [worker] Generating invoice
[18:17:43] 581cd06b9953f [worker] Invoice sent by email
[18:17:43] 581cd06b978ff [worker] Generating invoice
[18:17:44] 581cd06b9f2b9 [worker] Invoice sent by email
[18:17:44] 581cd06ba7c06 [worker] Generating invoice
[18:17:45] 581cd06b9ff6e [worker] Invoice sent by email
[18:17:45] 581cd06ba87bf [worker] Generating invoice
[18:17:45] 581cd06b9e5f5 [worker] Invoice sent by email
[18:17:45] 581cd06badc2e [worker] Generating invoice
[18:17:46] 581cd06ba4975 [worker] Invoice sent by email
[18:17:46] 581cd06bac5e8 [worker] Generating invoice
[18:17:47] 581cd06b978ff [worker] Invoice sent by email
[18:17:47] 581cd06ba558b [worker] Treatment failed
[18:17:47] 581cd06bab855 [worker] Generating invoice
[18:17:48] 581cd06ba7c06 [worker] Invoice sent by email
[18:17:48] 581cd06ba170b [worker] Generating invoice
[18:17:48] 581cd06ba87bf [worker] Invoice sent by email
[18:17:48] 581cd06bad1b6 [worker] Generating invoice
[18:17:49] 581cd06bac5e8 [worker] Invoice sent by email
[18:17:49] 581cd06ba928e [worker] Generating invoice
[18:17:49] 581cd06badc2e [worker] Invoice sent by email
[18:17:49] 581cd06ba6f11 [worker] Treatment failed
[18:17:49] 581cd06bb4013 [worker] Treatment failed
[18:17:49] 581cd06bb0d5c [worker] Generating invoice
[18:17:49] 581cd06bab855 [worker] Invoice sent by email
[18:17:49] 581cd06bb2550 [worker] Generating invoice
[18:17:51] 581cd06ba170b [worker] Invoice sent by email
[18:17:51] 581cd06ba6152 [worker] Treatment failed
[18:17:51] 581cd06bb0140 [worker] Generating invoice
[18:17:51] 581cd06ba928e [worker] Invoice sent by email
[18:17:51] 581cd06bad1b6 [worker] Invoice sent by email
[18:17:51] 581cd06bae924 [worker] Generating invoice
[18:17:51] 581cd06baf4c2 [worker] Generating invoice
[18:17:51] 581cd06bb0d5c [worker] Invoice sent by email
[18:17:51] 581cd06bb198a [worker] Generating invoice
[18:17:53] 581cd06bae924 [worker] Invoice sent by email
[18:17:53] 581cd06baf4c2 [worker] Invoice sent by email
[18:17:53] 581cd06bb809c [worker] Generating invoice
[18:17:53] 581cd06bb741e [worker] Generating invoice
[18:17:54] 581cd06bb2550 [worker] Invoice sent by email
[18:17:54] 581cd06bb67a3 [worker] Generating invoice
[18:17:55] 581cd06bb0140 [worker] Invoice sent by email
[18:17:55] 581cd06bb5871 [worker] Generating invoice
[18:17:55] 581cd06bb198a [worker] Invoice sent by email
[18:17:55] 581cd06bb4cd5 [worker] Generating invoice
[18:17:56] 581cd06bb741e [worker] Invoice sent by email
[18:17:56] 581cd06bb809c [worker] Invoice sent by email
[18:17:56] 581cd06bbe371 [worker] Treatment failed
[18:17:56] 581cd06bbb4c2 [worker] Generating invoice
[18:17:56] 581cd06bbfe37 [worker] Generating invoice
[18:17:57] 581cd06bb5871 [worker] Invoice sent by email
[18:17:57] 581cd06bb3384 [worker] Generating invoice
[18:17:58] 581cd06bb67a3 [worker] Invoice sent by email
[18:17:58] 581cd06bb9071 [worker] Treatment failed
[18:17:58] 581cd06bc74d3 [worker] Generating invoice
[18:17:58] 581cd06bbb4c2 [worker] Invoice sent by email
[18:17:58] 581cd06bbfe37 [worker] Invoice sent by email
[18:17:58] 581cd06bba318 [worker] Generating invoice
[18:17:58] 581cd06bc81dd [worker] Generating invoice
[18:17:59] 581cd06bb3384 [worker] Invoice sent by email
[18:17:59] 581cd06bc1fff [worker] Treatment failed
[18:17:59] 581cd06bc8e5e [worker] Treatment failed
[18:17:59] 581cd06bc0ef1 [worker] Treatment failed
[18:17:59] 581cd06bc2f6c [worker] Treatment failed
[18:17:59] 581cd06bc6056 [worker] Treatment failed
[18:17:59] 581cd06bd37ca [worker] Generating invoice
[18:18:00] 581cd06bb4cd5 [worker] Invoice sent by email
[18:18:00] 581cd06bcd591 [worker] Generating invoice
[18:18:01] 581cd06bd37ca [worker] Invoice sent by email
[18:18:01] 581cd06bc9c00 [worker] Generating invoice
[18:18:01] 581cd06bba318 [worker] Invoice sent by email
[18:18:01] 581cd06bca9b4 [worker] Generating invoice
[18:18:02] 581cd06bc74d3 [worker] Invoice sent by email
[18:18:02] 581cd06bd2c9e [worker] Generating invoice
[18:18:02] 581cd06bc81dd [worker] Invoice sent by email
[18:18:02] 581cd06bd110e [worker] Treatment failed
[18:18:02] 581cd06bd43b8 [worker] Treatment failed
[18:18:02] 581cd06bd501e [worker] Generating invoice
[18:18:03] 581cd06bc9c00 [worker] Invoice sent by email
[18:18:03] 581cd06bce245 [worker] Generating invoice
[18:18:04] 581cd06bcd591 [worker] Invoice sent by email
[18:18:04] 581cd06bd6759 [worker] Treatment failed
[18:18:04] 581cd06bd1f2f [worker] Generating invoice
[18:18:04] 581cd06bd2c9e [worker] Invoice sent by email
[18:18:04] 581cd06bd0300 [worker] Generating invoice
[18:18:04] 581cd06bd501e [worker] Invoice sent by email
[18:18:04] 581cd06bd7540 [worker] Treatment failed
[18:18:04] 581cd06bd834a [worker] Generating invoice
[18:18:05] 581cd06bca9b4 [worker] Invoice sent by email
[18:18:05] 581cd06bd5b6f [worker] Generating invoice
[18:18:06] 581cd06bce245 [worker] Invoice sent by email
[18:18:06] 581cd06be00da [worker] Generating invoice
[18:18:08] 581cd06bd1f2f [worker] Invoice sent by email
[18:18:08] 581cd06bdf3b8 [worker] Treatment failed
[18:18:08] 581cd06be17f0 [worker] Generating invoice
[18:18:08] 581cd06bd0300 [worker] Invoice sent by email
[18:18:08] 581cd06bde601 [worker] Treatment failed
[18:18:08] 581cd06be6297 [worker] Treatment failed
[18:18:08] 581cd06be2dfd [worker] Generating invoice
[18:18:08] 581cd06be00da [worker] Invoice sent by email
[18:18:08] 581cd06bd834a [worker] Invoice sent by email
[18:18:08] 581cd06be0d3d [worker] Generating invoice
[18:18:08] 581cd06bdd5c2 [worker] Treatment failed
[18:18:08] 581cd06bf25ee [worker] Treatment failed
[18:18:08] 581cd06bf02bf [worker] Generating invoice
[18:18:09] 581cd06bd5b6f [worker] Invoice sent by email
[18:18:09] 581cd06bf32ff [worker] Generating invoice
[18:18:10] 581cd06be2dfd [worker] Invoice sent by email
[18:18:10] 581cd06be858d [worker] Generating invoice
[18:18:10] 581cd06be0d3d [worker] Invoice sent by email
[18:18:10] 581cd06be73e6 [worker] Generating invoice
[18:18:12] 581cd06be17f0 [worker] Invoice sent by email
[18:18:12] 581cd06be22ba [worker] Treatment failed
[18:18:12] 581cd06be90e3 [worker] Generating invoice
[18:18:12] 581cd06be858d [worker] Invoice sent by email
[18:18:12] 581cd06beb38f [worker] Generating invoice
[18:18:12] 581cd06bf32ff [worker] Invoice sent by email
[18:18:12] 581cd06bf161c [worker] Treatment failed
[18:18:12] 581cd06c08e42 [worker] Generating invoice
[18:18:12] 581cd06bf02bf [worker] Invoice sent by email
[18:18:12] 581cd06bf401f [worker] Generating invoice
[18:18:13] 581cd06be73e6 [worker] Invoice sent by email
[18:18:13] 581cd06c05dd1 [worker] Generating invoice
[18:18:14] 581cd06c08e42 [worker] Invoice sent by email
[18:18:14] 581cd06c02dee [worker] Treatment failed
[18:18:14] 581cd06c0a6f3 [worker] Generating invoice
[18:18:15] 581cd06be90e3 [worker] Invoice sent by email
[18:18:15] 581cd06c09b26 [worker] Generating invoice
[18:18:16] 581cd06beb38f [worker] Invoice sent by email
[18:18:16] 581cd06c11436 [worker] Generating invoice
[18:18:16] 581cd06bf401f [worker] Invoice sent by email
[18:18:16] 581cd06c0a6f3 [worker] Invoice sent by email
[18:18:16] 581cd06b8fbc0 [worker] Generating invoice
[18:18:16] 581cd06c068f5 [worker] Generating invoice
[18:18:16] 581cd06c05dd1 [worker] Invoice sent by email
[18:18:16] 581cd06bec058 [worker] Generating invoice
[18:18:18] 581cd06c09b26 [worker] Invoice sent by email
[18:18:18] 581cd06c0cb27 [worker] Generating invoice
[18:18:18] 581cd06bec058 [worker] Invoice sent by email
[18:18:18] 581cd06c0f44b [worker] Generating invoice
[18:18:19] 581cd06c068f5 [worker] Invoice sent by email
[18:18:19] 581cd06b83b40 [worker] Generating invoice
[18:18:20] 581cd06c11436 [worker] Invoice sent by email
[18:18:20] 581cd06c12444 [worker] Treatment failed
[18:18:20] 581cd06c1456a [worker] Generating invoice
[18:18:20] 581cd06b8fbc0 [worker] Invoice sent by email
[18:18:21] 581cd06c0cb27 [worker] Invoice sent by email
[18:18:21] 581cd06c03a81 [worker] Generating invoice
[18:18:21] 581cd06c15112 [worker] Generating invoice
[18:18:23] 581cd06c0f44b [worker] Generating invoice
[18:18:23] 581cd06b83b40 [worker] Generating invoice
[18:18:24] 581cd06c1456a [worker] Generating invoice
[18:18:24] 581cd06c03a81 [worker] Generating invoice
[18:18:25] 581cd06c15112 [worker] Invoice sent by email
[18:18:25] 581cd06c15112 [worker] Message processed
[18:18:25] 581cd06b9aa30 [worker] Generating invoice
[18:18:26] 581cd06c0f44b [worker] Invoice sent by email
[18:18:26] 581cd06c0f44b [worker] Message processed
[18:18:26] 581cd06b8bae8 [worker] Generating invoice
[18:18:26] 581cd06c03a81 [worker] Invoice sent by email
[18:18:26] 581cd06c03a81 [worker] Message processed
[18:18:26] 581cd06b951a6 [worker] Generating invoice
[18:18:27] 581cd06b83b40 [worker] Invoice sent by email
[18:18:27] 581cd06b83b40 [worker] Message processed
[18:18:27] 581cd06b93d8f [worker] Generating invoice
[18:18:27] 581cd06c1456a [worker] Invoice sent by email
[18:18:27] 581cd06c1456a [worker] Message processed
[18:18:27] 581cd06b91dcd [worker] Generating invoice
[18:18:28] 581cd06b951a6 [worker] Invoice sent by email
[18:18:28] 581cd06b951a6 [worker] Message processed
[18:18:29] 581cd06ba0a6b [worker] Generating invoice
[18:18:29] 581cd06b9aa30 [worker] Invoice sent by email
[18:18:29] 581cd06b9aa30 [worker] Message processed
[18:18:29] 581cd06b8e1ba [worker] Generating invoice
[18:18:30] 581cd06b8bae8 [worker] Invoice sent by email
[18:18:30] 581cd06b8bae8 [worker] Message processed
[18:18:30] 581cd06ba2324 [worker] Generating invoice
[18:18:30] 581cd06b93d8f [worker] Invoice sent by email
[18:18:30] 581cd06b93d8f [worker] Message processed
[18:18:30] 581cd06b9c710 [worker] Generating invoice
[18:18:30] 581cd06b91dcd [worker] Invoice sent by email
[18:18:30] 581cd06b91dcd [worker] Message processed
[18:18:30] 581cd06b9953f [worker] Generating invoice
[18:18:32] 581cd06ba0a6b [worker] Invoice sent by email
[18:18:32] 581cd06ba0a6b [worker] Message processed
[18:18:32] 581cd06b9f2b9 [worker] Generating invoice
[18:18:32] 581cd06b8e1ba [worker] Invoice sent by email
[18:18:32] 581cd06b8e1ba [worker] Message processed
[18:18:32] 581cd06b9ff6e [worker] Generating invoice
[18:18:32] 581cd06b9c710 [worker] Invoice sent by email
[18:18:32] 581cd06b9c710 [worker] Message processed
[18:18:32] 581cd06b9e5f5 [worker] Generating invoice
[18:18:33] 581cd06ba2324 [worker] Invoice sent by email
[18:18:33] 581cd06ba2324 [worker] Message processed
[18:18:33] 581cd06ba4975 [worker] Generating invoice
[18:18:34] 581cd06b9f2b9 [worker] Invoice sent by email
[18:18:34] 581cd06b9f2b9 [worker] Message processed
[18:18:34] 581cd06b978ff [worker] Generating invoice
[18:18:34] 581cd06b9ff6e [worker] Invoice sent by email
[18:18:34] 581cd06b9ff6e [worker] Message processed
[18:18:34] 581cd06ba558b [worker] Generating invoice
[18:18:34] 581cd06b9953f [worker] Invoice sent by email
[18:18:34] 581cd06b9953f [worker] Message processed
[18:18:34] 581cd06ba7c06 [worker] Generating invoice
[18:18:36] 581cd06b978ff [worker] Invoice sent by email
[18:18:36] 581cd06b978ff [worker] Message processed
[18:18:36] 581cd06ba87bf [worker] Generating invoice
[18:18:36] 581cd06ba558b [worker] Invoice sent by email
[18:18:36] 581cd06ba558b [worker] Message processed
[18:18:36] 581cd06bac5e8 [worker] Generating invoice
[18:18:36] 581cd06b9e5f5 [worker] Invoice sent by email
[18:18:36] 581cd06b9e5f5 [worker] Message processed
[18:18:36] 581cd06badc2e [worker] Generating invoice
[18:18:37] 581cd06ba4975 [worker] Invoice sent by email
[18:18:37] 581cd06ba4975 [worker] Message processed
[18:18:37] 581cd06ba6f11 [worker] Generating invoice
[18:18:37] 581cd06ba7c06 [worker] Invoice sent by email
[18:18:37] 581cd06ba7c06 [worker] Message processed
[18:18:37] 581cd06bb4013 [worker] Generating invoice
[18:18:38] 581cd06ba87bf [worker] Invoice sent by email
[18:18:38] 581cd06ba87bf [worker] Message processed
[18:18:38] 581cd06bab855 [worker] Generating invoice
[18:18:39] 581cd06badc2e [worker] Invoice sent by email
[18:18:39] 581cd06badc2e [worker] Message processed
[18:18:39] 581cd06ba170b [worker] Generating invoice
[18:18:40] 581cd06bab855 [worker] Invoice sent by email
[18:18:40] 581cd06bab855 [worker] Message processed
[18:18:40] 581cd06ba6152 [worker] Generating invoice
[18:18:40] 581cd06bac5e8 [worker] Invoice sent by email
[18:18:40] 581cd06bac5e8 [worker] Message processed
[18:18:40] 581cd06ba928e [worker] Generating invoice
[18:18:40] 581cd06bb4013 [worker] Invoice sent by email
[18:18:40] 581cd06bb4013 [worker] Message processed
[18:18:40] 581cd06bad1b6 [worker] Generating invoice
[18:18:41] 581cd06ba6f11 [worker] Invoice sent by email
[18:18:41] 581cd06ba6f11 [worker] Message processed
[18:18:41] 581cd06bb0d5c [worker] Generating invoice
[18:18:42] 581cd06ba928e [worker] Invoice sent by email
[18:18:42] 581cd06ba928e [worker] Message processed
[18:18:42] 581cd06bae924 [worker] Generating invoice
[18:18:42] 581cd06bad1b6 [worker] Invoice sent by email
[18:18:42] 581cd06bad1b6 [worker] Message processed
[18:18:42] 581cd06baf4c2 [worker] Generating invoice
[18:18:43] 581cd06ba6152 [worker] Invoice sent by email
[18:18:43] 581cd06ba6152 [worker] Message processed
[18:18:43] 581cd06bb2550 [worker] Generating invoice
[18:18:43] 581cd06bb0d5c [worker] Invoice sent by email
[18:18:43] 581cd06bb0d5c [worker] Message processed
[18:18:43] 581cd06bb0140 [worker] Generating invoice
[18:18:43] 581cd06ba170b [worker] Invoice sent by email
[18:18:43] 581cd06ba170b [worker] Message processed
[18:18:43] 581cd06bb198a [worker] Generating invoice
[18:18:45] 581cd06bb198a [worker] Invoice sent by email
[18:18:45] 581cd06bb198a [worker] Message processed
[18:18:45] 581cd06bb809c [worker] Generating invoice
[18:18:46] 581cd06bb2550 [worker] Invoice sent by email
[18:18:46] 581cd06bb2550 [worker] Message processed
[18:18:46] 581cd06bb741e [worker] Generating invoice
[18:18:46] 581cd06bae924 [worker] Invoice sent by email
[18:18:46] 581cd06bae924 [worker] Message processed
[18:18:46] 581cd06bbe371 [worker] Generating invoice
[18:18:46] 581cd06baf4c2 [worker] Invoice sent by email
[18:18:46] 581cd06baf4c2 [worker] Message processed
[18:18:46] 581cd06bb5871 [worker] Generating invoice
[18:18:47] 581cd06bb0140 [worker] Invoice sent by email
[18:18:47] 581cd06bb0140 [worker] Message processed
[18:18:47] 581cd06bb67a3 [worker] Generating invoice
[18:18:48] 581cd06bb741e [worker] Invoice sent by email
[18:18:48] 581cd06bb741e [worker] Message processed
[18:18:48] 581cd06bb9071 [worker] Generating invoice
[18:18:48] 581cd06bbe371 [worker] Invoice sent by email
[18:18:48] 581cd06bbe371 [worker] Message processed
[18:18:48] 581cd06bbb4c2 [worker] Generating invoice
[18:18:48] 581cd06bb809c [worker] Invoice sent by email
[18:18:48] 581cd06bb809c [worker] Message processed
[18:18:48] 581cd06bbfe37 [worker] Generating invoice
[18:18:49] 581cd06bb67a3 [worker] Invoice sent by email
[18:18:49] 581cd06bb67a3 [worker] Message processed
[18:18:49] 581cd06bb3384 [worker] Generating invoice
[18:18:50] 581cd06bb5871 [worker] Invoice sent by email
[18:18:50] 581cd06bb5871 [worker] Message processed
[18:18:50] 581cd06bc1fff [worker] Generating invoice
[18:18:51] 581cd06bb9071 [worker] Invoice sent by email
[18:18:51] 581cd06bb9071 [worker] Message processed
[18:18:51] 581cd06bc8e5e [worker] Generating invoice
[18:18:52] 581cd06bbb4c2 [worker] Invoice sent by email
[18:18:52] 581cd06bbb4c2 [worker] Message processed
[18:18:52] 581cd06bc0ef1 [worker] Generating invoice
[18:18:52] 581cd06bbfe37 [worker] Invoice sent by email
[18:18:52] 581cd06bbfe37 [worker] Message processed
[18:18:52] 581cd06bc2f6c [worker] Generating invoice
[18:18:53] 581cd06bb3384 [worker] Invoice sent by email
[18:18:53] 581cd06bb3384 [worker] Message processed
[18:18:53] 581cd06bc6056 [worker] Generating invoice
[18:18:54] 581cd06bc1fff [worker] Invoice sent by email
[18:18:54] 581cd06bc1fff [worker] Message processed
[18:18:54] 581cd06bb4cd5 [worker] Generating invoice
[18:18:55] 581cd06bc8e5e [worker] Invoice sent by email
[18:18:55] 581cd06bc8e5e [worker] Message processed
[18:18:55] 581cd06bd37ca [worker] Generating invoice
[18:18:55] 581cd06bc2f6c [worker] Invoice sent by email
[18:18:55] 581cd06bc2f6c [worker] Message processed
[18:18:55] 581cd06bba318 [worker] Generating invoice
[18:18:56] 581cd06bc0ef1 [worker] Invoice sent by email
[18:18:56] 581cd06bc0ef1 [worker] Message processed
[18:18:56] 581cd06bc74d3 [worker] Generating invoice
[18:18:57] 581cd06bc6056 [worker] Invoice sent by email
[18:18:57] 581cd06bc6056 [worker] Message processed
[18:18:57] 581cd06bc81dd [worker] Generating invoice
[18:18:58] 581cd06bba318 [worker] Invoice sent by email
[18:18:58] 581cd06bba318 [worker] Message processed
[18:18:58] 581cd06bd110e [worker] Generating invoice
[18:18:58] 581cd06bb4cd5 [worker] Invoice sent by email
[18:18:58] 581cd06bb4cd5 [worker] Message processed
[18:18:58] 581cd06bd43b8 [worker] Generating invoice
[18:18:59] 581cd06bd37ca [worker] Invoice sent by email
[18:18:59] 581cd06bd37ca [worker] Message processed
[18:18:59] 581cd06bc9c00 [worker] Generating invoice
[18:18:59] 581cd06bc74d3 [worker] Invoice sent by email
[18:18:59] 581cd06bc74d3 [worker] Message processed
[18:18:59] 581cd06bcd591 [worker] Generating invoice
[18:19:00] 581cd06bc81dd [worker] Invoice sent by email
[18:19:00] 581cd06bc81dd [worker] Message processed
[18:19:00] 581cd06bd6759 [worker] Generating invoice
[18:19:01] 581cd06bcd591 [worker] Invoice sent by email
[18:19:01] 581cd06bcd591 [worker] Message processed
[18:19:01] 581cd06bd2c9e [worker] Generating invoice
[18:19:02] 581cd06bd110e [worker] Invoice sent by email
[18:19:02] 581cd06bd110e [worker] Message processed
[18:19:02] 581cd06bd501e [worker] Generating invoice
[18:19:02] 581cd06bd43b8 [worker] Invoice sent by email
[18:19:02] 581cd06bd43b8 [worker] Message processed
[18:19:02] 581cd06bd7540 [worker] Generating invoice
[18:19:02] 581cd06bc9c00 [worker] Invoice sent by email
[18:19:02] 581cd06bc9c00 [worker] Message processed
[18:19:02] 581cd06bca9b4 [worker] Generating invoice
[18:19:03] 581cd06bd6759 [worker] Invoice sent by email
[18:19:03] 581cd06bd6759 [worker] Message processed
[18:19:03] 581cd06bce245 [worker] Generating invoice
[18:19:04] 581cd06bd2c9e [worker] Invoice sent by email
[18:19:04] 581cd06bd2c9e [worker] Message processed
[18:19:04] 581cd06bd1f2f [worker] Generating invoice
[18:19:05] 581cd06bd7540 [worker] Invoice sent by email
[18:19:05] 581cd06bd7540 [worker] Message processed
[18:19:05] 581cd06bdf3b8 [worker] Generating invoice
[18:19:05] 581cd06bca9b4 [worker] Invoice sent by email
[18:19:05] 581cd06bca9b4 [worker] Message processed
[18:19:05] 581cd06bd0300 [worker] Generating invoice
[18:19:06] 581cd06bd501e [worker] Invoice sent by email
[18:19:06] 581cd06bd501e [worker] Message processed
[18:19:06] 581cd06bde601 [worker] Generating invoice
[18:19:07] 581cd06bce245 [worker] Invoice sent by email
[18:19:07] 581cd06bce245 [worker] Message processed
[18:19:07] 581cd06be6297 [worker] Generating invoice
[18:19:07] 581cd06bd0300 [worker] Invoice sent by email
[18:19:07] 581cd06bd0300 [worker] Message processed
[18:19:07] 581cd06be00da [worker] Generating invoice
[18:19:08] 581cd06bd1f2f [worker] Invoice sent by email
[18:19:08] 581cd06bd1f2f [worker] Message processed
[18:19:08] 581cd06bd834a [worker] Generating invoice
[18:19:09] 581cd06be6297 [worker] Invoice sent by email
[18:19:09] 581cd06be6297 [worker] Message processed
[18:19:09] 581cd06bdd5c2 [worker] Generating invoice
[18:19:09] 581cd06bdf3b8 [worker] Invoice sent by email
[18:19:09] 581cd06bdf3b8 [worker] Message processed
[18:19:09] 581cd06bf25ee [worker] Generating invoice
[18:19:10] 581cd06bd834a [worker] Invoice sent by email
[18:19:10] 581cd06bd834a [worker] Message processed
[18:19:10] 581cd06bd5b6f [worker] Generating invoice
[18:19:10] 581cd06bde601 [worker] Invoice sent by email
[18:19:10] 581cd06bde601 [worker] Message processed
[18:19:10] 581cd06be2dfd [worker] Generating invoice
[18:19:10] 581cd06be00da [worker] Invoice sent by email
[18:19:10] 581cd06be00da [worker] Message processed
[18:19:10] 581cd06be0d3d [worker] Generating invoice
[18:19:11] 581cd06bdd5c2 [worker] Invoice sent by email
[18:19:11] 581cd06bdd5c2 [worker] Message processed
[18:19:11] 581cd06be17f0 [worker] Generating invoice
[18:19:13] 581cd06bd5b6f [worker] Invoice sent by email
[18:19:13] 581cd06bd5b6f [worker] Message processed
[18:19:13] 581cd06be22ba [worker] Generating invoice
[18:19:13] 581cd06be2dfd [worker] Invoice sent by email
[18:19:13] 581cd06be2dfd [worker] Message processed
[18:19:13] 581cd06be858d [worker] Generating invoice
[18:19:13] 581cd06bf25ee [worker] Invoice sent by email
[18:19:13] 581cd06bf25ee [worker] Message processed
[18:19:13] 581cd06bf32ff [worker] Generating invoice
[18:19:13] 581cd06be0d3d [worker] Invoice sent by email
[18:19:13] 581cd06be0d3d [worker] Message processed
[18:19:13] 581cd06bf161c [worker] Generating invoice
[18:19:15] 581cd06be17f0 [worker] Invoice sent by email
[18:19:15] 581cd06be17f0 [worker] Message processed
[18:19:15] 581cd06bf02bf [worker] Generating invoice
[18:19:15] 581cd06be22ba [worker] Invoice sent by email
[18:19:15] 581cd06be22ba [worker] Message processed
[18:19:15] 581cd06be73e6 [worker] Generating invoice
[18:19:16] 581cd06be858d [worker] Invoice sent by email
[18:19:16] 581cd06be858d [worker] Message processed
[18:19:16] 581cd06c08e42 [worker] Generating invoice
[18:19:17] 581cd06be73e6 [worker] Invoice sent by email
[18:19:17] 581cd06be73e6 [worker] Message processed
[18:19:17] 581cd06c02dee [worker] Generating invoice
[18:19:17] 581cd06bf32ff [worker] Invoice sent by email
[18:19:17] 581cd06bf32ff [worker] Message processed
[18:19:17] 581cd06be90e3 [worker] Generating invoice
[18:19:18] 581cd06bf161c [worker] Invoice sent by email
[18:19:18] 581cd06bf161c [worker] Message processed
[18:19:18] 581cd06beb38f [worker] Generating invoice
[18:19:18] 581cd06bf02bf [worker] Invoice sent by email
[18:19:18] 581cd06bf02bf [worker] Message processed
[18:19:18] 581cd06bf401f [worker] Generating invoice
[18:19:19] 581cd06c02dee [worker] Invoice sent by email
[18:19:19] 581cd06c02dee [worker] Message processed
[18:19:19] 581cd06c0a6f3 [worker] Generating invoice
[18:19:20] 581cd06beb38f [worker] Invoice sent by email
[18:19:20] 581cd06beb38f [worker] Message processed
[18:19:20] 581cd06c05dd1 [worker] Generating invoice
[18:19:20] 581cd06c08e42 [worker] Invoice sent by email
[18:19:20] 581cd06c08e42 [worker] Message processed
[18:19:20] 581cd06c09b26 [worker] Generating invoice
[18:19:21] 581cd06c0a6f3 [worker] Invoice sent by email
[18:19:21] 581cd06c0a6f3 [worker] Message processed
[18:19:21] 581cd06be90e3 [worker] Invoice sent by email
[18:19:21] 581cd06bec058 [worker] Generating invoice
[18:19:21] 581cd06be90e3 [worker] Message processed
[18:19:21] 581cd06c068f5 [worker] Generating invoice
[18:19:22] 581cd06bf401f [worker] Invoice sent by email
[18:19:22] 581cd06bf401f [worker] Message processed
[18:19:22] 581cd06c11436 [worker] Generating invoice
[18:19:23] 581cd06c09b26 [worker] Invoice sent by email
[18:19:23] 581cd06c09b26 [worker] Message processed
[18:19:23] 581cd06c12444 [worker] Generating invoice
[18:19:23] 581cd06c068f5 [worker] Invoice sent by email
[18:19:23] 581cd06bec058 [worker] Invoice sent by email
[18:19:23] 581cd06bec058 [worker] Message processed
[18:19:23] 581cd06c068f5 [worker] Message processed
[18:19:23] 581cd06c0cb27 [worker] Generating invoice
[18:19:24] 581cd06c05dd1 [worker] Invoice sent by email
[18:19:24] 581cd06c05dd1 [worker] Message processed
[18:19:26] 581cd06c11436 [worker] Invoice sent by email
[18:19:26] 581cd06c11436 [worker] Message processed
[18:19:26] 581cd06c12444 [worker] Invoice sent by email
[18:19:26] 581cd06c12444 [worker] Message processed
[18:19:26] 581cd06c0cb27 [worker] Invoice sent by email
[18:19:26] 581cd06c0cb27 [worker] Message processed
[18:23:32] 7b26ed5c-9524-d8b5-4f63-408a046a618e [api] Generating invoice
[18:23:32] 27ba16fd-d9ec-e106-3952-e9d59388a433 [api] Generating invoice
[18:23:36] 7b26ed5c-9524-d8b5-4f63-408a046a618e [api] Invoice sent by email
[18:23:36] 7 [api] Success
[18:23:37] 27ba16fd-d9ec-e106-3952-e9d59388a433 [api] Invoice sent by email
[18:23:37] 2 [api] Success
[18:24:02] 52bb4b59-1963-1cb4-4755-44701f4fcdaf [api] Generating invoice
[18:24:02] e869288e-6407-3f01-69a1-32a2b0fcaf1f [api] Generating invoice
[18:24:05] 52bb4b59-1963-1cb4-4755-44701f4fcdaf [api] Invoice sent by email
[18:24:05] 52bb4b59-1963-1cb4-4755-44701f4fcdaf [api] Success
[18:24:07] e869288e-6407-3f01-69a1-32a2b0fcaf1f [api] Invoice sent by email
[18:24:07] e869288e-6407-3f01-69a1-32a2b0fcaf1f [api] Success
[18:24:16] 6ee1b2b9-0dd0-2300-6327-54b26bf18804 [api] Generating invoice
[18:24:18] 6ee1b2b9-0dd0-2300-6327-54b26bf18804 [api] Invoice sent by email
[18:24:18] 6ee1b2b9-0dd0-2300-6327-54b26bf18804 [api] Success
[18:26:08] 953e1d55-d352-4c59-8331-ebf7de311a7f [api] Pending
[18:26:08] 953e1d55-d352-4c59-8331-ebf7de311a7f [worker] Generating invoice
[18:26:08] 86429520-686b-e4be-378d-0801d0679f39 [api] Pending
[18:26:08] 86429520-686b-e4be-378d-0801d0679f39 [worker] Generating invoice
[18:26:08] 7bf9d7dc-e00b-16b4-b2e5-e49f5d92e6b4 [api] Pending
[18:26:08] 7bf9d7dc-e00b-16b4-b2e5-e49f5d92e6b4 [worker] Generating invoice
[18:26:09] 9e3f0c6e-c867-9b81-8434-1ed494014832 [api] Pending
[18:26:09] 9e3f0c6e-c867-9b81-8434-1ed494014832 [worker] Generating invoice
[18:26:09] d8f225f4-4714-499f-9cd4-8a749cba725f [api] Pending
[18:26:09] d8f225f4-4714-499f-9cd4-8a749cba725f [worker] Generating invoice
[18:26:09] d92b47dd-ff99-4d51-e3c2-0603142b5dd7 [api] Pending
[18:26:10] 86429520-686b-e4be-378d-0801d0679f39 [worker] Invoice sent by email
[18:26:10] 86429520-686b-e4be-378d-0801d0679f39 [worker] Message processed
[18:26:10] d92b47dd-ff99-4d51-e3c2-0603142b5dd7 [worker] Generating invoice
[18:26:12] 9e3f0c6e-c867-9b81-8434-1ed494014832 [worker] Invoice sent by email
[18:26:12] 9e3f0c6e-c867-9b81-8434-1ed494014832 [worker] Message processed
[18:26:12] 953e1d55-d352-4c59-8331-ebf7de311a7f [worker] Invoice sent by email
[18:26:12] 953e1d55-d352-4c59-8331-ebf7de311a7f [worker] Message processed
[18:26:13] d8f225f4-4714-499f-9cd4-8a749cba725f [worker] Invoice sent by email
[18:26:13] d8f225f4-4714-499f-9cd4-8a749cba725f [worker] Message processed
[18:26:13] 7bf9d7dc-e00b-16b4-b2e5-e49f5d92e6b4 [worker] Invoice sent by email
[18:26:13] 7bf9d7dc-e00b-16b4-b2e5-e49f5d92e6b4 [worker] Message processed
[18:26:14] d92b47dd-ff99-4d51-e3c2-0603142b5dd7 [worker] Invoice sent by email
[18:26:14] d92b47dd-ff99-4d51-e3c2-0603142b5dd7 [worker] Message processed
[18:27:30] 5 [worker] Treatment failed
[18:27:30] 581cd31271bcd [worker] Generating invoice
[18:27:30] 581cd3127cb91 [worker] Generating invoice
[18:27:30] 581cd3127a9a4 [worker] Generating invoice
[18:27:30] 581cd3127ff39 [worker] Generating invoice
[18:27:30] 581cd31282cb4 [worker] Generating invoice
[18:27:33] 581cd3127a9a4 [worker] Invoice sent by email
[18:27:33] 581cd3127cb91 [worker] Invoice sent by email
[18:27:33] 581cd3127a9a4 [worker] Message processed
[18:27:33] 581cd312846a8 [worker] Generating invoice
[18:27:33] 581cd3127cb91 [worker] Message processed
[18:27:33] 581cd31285931 [worker] Generating invoice
[18:27:34] 581cd3127ff39 [worker] Invoice sent by email
[18:27:34] 581cd31271bcd [worker] Invoice sent by email
[18:27:34] 581cd3127ff39 [worker] Message processed
[18:27:34] 5 [worker] Treatment failed
[18:27:34] 581cd3128772f [worker] Generating invoice
[18:27:34] 581cd31271bcd [worker] Message processed
[18:27:34] 581cd31288b32 [worker] Generating invoice
[18:27:34] 581cd31282cb4 [worker] Invoice sent by email
[18:27:34] 581cd31282cb4 [worker] Message processed
[18:27:34] 581cd3128a359 [worker] Generating invoice
[18:27:36] 581cd312846a8 [worker] Invoice sent by email
[18:27:36] 581cd312846a8 [worker] Message processed
[18:27:36] 581cd3128c11f [worker] Generating invoice
[18:27:36] 581cd31288b32 [worker] Invoice sent by email
[18:27:36] 581cd31288b32 [worker] Message processed
[18:27:36] 581cd3128772f [worker] Invoice sent by email
[18:27:36] 5 [worker] Treatment failed
[18:27:36] 581cd3128e801 [worker] Generating invoice
[18:27:36] 581cd3128772f [worker] Message processed
[18:27:36] 581cd3128f603 [worker] Generating invoice
[18:27:36] 581cd3128a359 [worker] Invoice sent by email
[18:27:36] 581cd3128a359 [worker] Message processed
[18:27:36] 581cd3129054f [worker] Generating invoice
[18:27:37] 581cd31285931 [worker] Invoice sent by email
[18:27:37] 581cd31285931 [worker] Message processed
[18:27:37] 581cd31292178 [worker] Generating invoice
[18:27:39] 581cd31292178 [worker] Invoice sent by email
[18:27:39] 581cd31292178 [worker] Message processed
[18:27:39] 5 [worker] Treatment failed
[18:27:39] 581cd312946a0 [worker] Generating invoice
[18:27:40] 581cd3128c11f [worker] Invoice sent by email
[18:27:40] 581cd3128c11f [worker] Message processed
[18:27:40] 5 [worker] Treatment failed
[18:27:40] 581cd31296261 [worker] Generating invoice
[18:27:40] 581cd3128e801 [worker] Invoice sent by email
[18:27:40] 581cd3128f603 [worker] Invoice sent by email
[18:27:40] 581cd3128e801 [worker] Message processed
[18:27:40] 581cd3128f603 [worker] Message processed
[18:27:40] 581cd3129737a [worker] Generating invoice
[18:27:40] 581cd31298970 [worker] Generating invoice
[18:27:41] 581cd3129054f [worker] Invoice sent by email
[18:27:41] 581cd3129054f [worker] Message processed
[18:27:41] 581cd3129a1ad [worker] Generating invoice
[18:27:42] 581cd312946a0 [worker] Invoice sent by email
[18:27:42] 581cd312946a0 [worker] Message processed
[18:27:42] 581cd3129b057 [worker] Generating invoice
[18:27:42] 581cd31298970 [worker] Invoice sent by email
[18:27:42] 581cd31298970 [worker] Message processed
[18:27:42] 5 [worker] Treatment failed
[18:27:42] 5 [worker] Treatment failed
[18:27:42] 581cd3129f82e [worker] Generating invoice
[18:27:43] 581cd312a064d [worker] Generating invoice
[18:27:44] 581cd3129737a [worker] Invoice sent by email
[18:27:44] 581cd31296261 [worker] Invoice sent by email
[18:27:44] 581cd31296261 [worker] Message processed
[18:27:44] 581cd3129737a [worker] Message processed
[18:27:44] 5 [worker] Treatment failed
[18:27:44] 581cd312a246c [worker] Generating invoice
[18:27:44] 5 [worker] Treatment failed
[18:27:44] 581cd312a4466 [worker] Generating invoice
[18:27:44] 581cd312a53cd [worker] Generating invoice
[18:27:44] 581cd312a6322 [worker] Generating invoice
[18:27:44] 581cd312a71cd [worker] Generating invoice
[18:27:44] 581cd312a803d [worker] Generating invoice
[18:27:45] 581cd3129a1ad [worker] Invoice sent by email
[18:27:45] 581cd3129a1ad [worker] Message processed
[18:27:45] 581cd312a8f69 [worker] Generating invoice
[18:27:46] 581cd312a064d [worker] Invoice sent by email
[18:27:46] 581cd312a064d [worker] Message processed
[18:27:46] 581cd312a9d42 [worker] Generating invoice
[18:27:46] 581cd3129b057 [worker] Invoice sent by email
[18:27:46] 581cd3129b057 [worker] Message processed
[18:27:46] 581cd312aad2e [worker] Generating invoice
[18:27:46] 581cd3129f82e [worker] Invoice sent by email
[18:27:46] 581cd3129f82e [worker] Message processed
[18:27:46] 581cd312abb4c [worker] Generating invoice
[18:27:46] 581cd312a4466 [worker] Invoice sent by email
[18:27:46] 581cd312a4466 [worker] Message processed
[18:27:46] 581cd312ac955 [worker] Generating invoice
[18:27:46] 581cd312a53cd [worker] Invoice sent by email
[18:27:46] 581cd312a53cd [worker] Message processed
[18:27:46] 581cd312ad7e1 [worker] Generating invoice
[18:27:47] 581cd312a8f69 [worker] Invoice sent by email
[18:27:47] 581cd312a8f69 [worker] Message processed
[18:27:47] 5 [worker] Treatment failed
[18:27:47] 5 [worker] Treatment failed
[18:27:47] 581cd312b042d [worker] Generating invoice
[18:27:47] 581cd312a6322 [worker] Invoice sent by email
[18:27:47] 581cd312a6322 [worker] Message processed
[18:27:47] 5 [worker] Treatment failed
[18:27:47] 581cd312b1fe2 [worker] Generating invoice
[18:27:48] 581cd312a71cd [worker] Invoice sent by email
[18:27:48] 581cd312a71cd [worker] Message processed
[18:27:48] 5 [worker] Treatment failed
[18:27:48] 581cd312b3cd0 [worker] Generating invoice
[18:27:48] 581cd312aad2e [worker] Invoice sent by email
[18:27:48] 581cd312aad2e [worker] Message processed
[18:27:48] 5 [worker] Treatment failed
[18:27:48] 581cd312b5956 [worker] Generating invoice
[18:27:48] 581cd312a246c [worker] Invoice sent by email
[18:27:48] 581cd312a246c [worker] Message processed
[18:27:48] 581cd312b6683 [worker] Generating invoice
[18:27:49] 581cd312ad7e1 [worker] Invoice sent by email
[18:27:49] 581cd312ad7e1 [worker] Message processed
[18:27:49] 581cd312b7427 [worker] Generating invoice
[18:27:49] 581cd312a803d [worker] Invoice sent by email
[18:27:49] 581cd312a803d [worker] Message processed
[18:27:49] 581cd312b8066 [worker] Generating invoice
[18:27:49] 581cd312abb4c [worker] Invoice sent by email
[18:27:49] 581cd312abb4c [worker] Message processed
[18:27:49] 581cd312b8c39 [worker] Generating invoice
[18:27:49] 581cd312ac955 [worker] Invoice sent by email
[18:27:49] 581cd312ac955 [worker] Message processed
[18:27:49] 581cd312b998b [worker] Generating invoice
[18:27:50] 581cd312a9d42 [worker] Invoice sent by email
[18:27:50] 581cd312a9d42 [worker] Message processed
[18:27:50] 581cd312ba7b5 [worker] Generating invoice
[18:27:50] 581cd312b042d [worker] Invoice sent by email
[18:27:50] 581cd312b042d [worker] Message processed
[18:27:50] 581cd312bb639 [worker] Generating invoice
[18:27:50] 581cd312b3cd0 [worker] Invoice sent by email
[18:27:50] 581cd312b3cd0 [worker] Message processed
[18:27:50] 581cd312bc764 [worker] Generating invoice
[18:27:51] 581cd312b1fe2 [worker] Invoice sent by email
[18:27:51] 581cd312b1fe2 [worker] Message processed
[18:27:51] 581cd312bd519 [worker] Generating invoice
[18:27:52] 581cd312bb639 [worker] Invoice sent by email
[18:27:52] 581cd312b8066 [worker] Invoice sent by email
[18:27:52] 581cd312bb639 [worker] Message processed
[18:27:52] 581cd312b8066 [worker] Message processed
[18:27:52] 581cd312be2f5 [worker] Generating invoice
[18:27:52] 581cd312bf155 [worker] Generating invoice
[18:27:52] 581cd312b5956 [worker] Invoice sent by email
[18:27:52] 581cd312b5956 [worker] Message processed
[18:27:52] 581cd312bfef1 [worker] Generating invoice
[18:27:52] 581cd312b6683 [worker] Invoice sent by email
[18:27:52] 581cd312b6683 [worker] Message processed
[18:27:52] 581cd312c0cf0 [worker] Generating invoice
[18:27:52] 581cd312b998b [worker] Invoice sent by email
[18:27:52] 581cd312b998b [worker] Message processed
[18:27:52] 5 [worker] Treatment failed
[18:27:52] 581cd312c2695 [worker] Generating invoice
[18:27:53] 581cd312b7427 [worker] Invoice sent by email
[18:27:53] 581cd312b7427 [worker] Message processed
[18:27:53] 581cd312c358b [worker] Generating invoice
[18:27:53] 581cd312b8c39 [worker] Invoice sent by email
[18:27:53] 581cd312b8c39 [worker] Message processed
[18:27:53] 5 [worker] Treatment failed
[18:27:53] 581cd312c504b [worker] Generating invoice
[18:27:54] 581cd312ba7b5 [worker] Invoice sent by email
[18:27:54] 581cd312ba7b5 [worker] Message processed
[18:27:54] 581cd312c5ec9 [worker] Generating invoice
[18:27:54] 581cd312bf155 [worker] Invoice sent by email
[18:27:54] 581cd312bc764 [worker] Invoice sent by email
[18:27:54] 581cd312bf155 [worker] Message processed
[18:27:54] 581cd312bc764 [worker] Message processed
[18:27:54] 5 [worker] Treatment failed
[18:27:54] 581cd312c7c0d [worker] Generating invoice
[18:27:54] 581cd312c8a95 [worker] Generating invoice
[18:27:54] 581cd312bfef1 [worker] Invoice sent by email
[18:27:54] 581cd312bfef1 [worker] Message processed
[18:27:54] 581cd312ca0d8 [worker] Generating invoice
[18:27:54] 581cd312c2695 [worker] Invoice sent by email
[18:27:54] 581cd312c2695 [worker] Message processed
[18:27:54] 581cd312cb428 [worker] Generating invoice
[18:27:55] 581cd312bd519 [worker] Invoice sent by email
[18:27:55] 581cd312bd519 [worker] Message processed
[18:27:55] 581cd312cc2bf [worker] Generating invoice
[18:27:55] 581cd312c0cf0 [worker] Invoice sent by email
[18:27:55] 581cd312c0cf0 [worker] Message processed
[18:27:55] 5 [worker] Treatment failed
[18:27:55] 5 [worker] Treatment failed
[18:27:55] 581cd312ceccc [worker] Generating invoice
[18:27:56] 581cd312c358b [worker] Invoice sent by email
[18:27:56] 581cd312c358b [worker] Message processed
[18:27:56] 581cd312cfc24 [worker] Generating invoice
[18:27:56] 581cd312be2f5 [worker] Invoice sent by email
[18:27:56] 581cd312be2f5 [worker] Message processed
[18:27:56] 581cd312d0a11 [worker] Generating invoice
[18:27:56] 581cd312ca0d8 [worker] Invoice sent by email
[18:27:56] 581cd312ca0d8 [worker] Message processed
[18:27:56] 581cd312d185e [worker] Generating invoice
[18:27:56] 581cd312cb428 [worker] Invoice sent by email
[18:27:56] 581cd312cb428 [worker] Message processed
[18:27:56] 581cd312d2639 [worker] Generating invoice
[18:27:57] 581cd312c8a95 [worker] Invoice sent by email
[18:27:57] 581cd312c8a95 [worker] Message processed
[18:27:57] 581cd312d3465 [worker] Generating invoice
[18:27:57] 581cd312c504b [worker] Invoice sent by email
[18:27:57] 581cd312c504b [worker] Message processed
[18:27:57] 581cd312d42c2 [worker] Generating invoice
[18:27:58] 581cd312c5ec9 [worker] Invoice sent by email
[18:27:58] 581cd312c5ec9 [worker] Message processed
[18:27:58] 581cd312d50b6 [worker] Generating invoice
[18:27:58] 581cd312c7c0d [worker] Invoice sent by email
[18:27:58] 581cd312c7c0d [worker] Message processed
[18:27:58] 581cd312d5e8a [worker] Generating invoice
[18:27:58] 581cd312cc2bf [worker] Invoice sent by email
[18:27:58] 581cd312cc2bf [worker] Message processed
[18:27:58] 581cd312d6d20 [worker] Generating invoice
[18:27:58] 581cd312d185e [worker] Invoice sent by email
[18:27:58] 581cd312d185e [worker] Message processed
[18:27:58] 581cd312d7b00 [worker] Generating invoice
[18:27:58] 581cd312d2639 [worker] Invoice sent by email
[18:27:58] 581cd312d2639 [worker] Message processed
[18:27:58] 581cd312d89cc [worker] Generating invoice
[18:27:59] 581cd312d0a11 [worker] Invoice sent by email
[18:27:59] 581cd312d0a11 [worker] Message processed
[18:27:59] 581cd312d97b6 [worker] Generating invoice
[18:27:59] 581cd312d3465 [worker] Invoice sent by email
[18:27:59] 581cd312d3465 [worker] Message processed
[18:27:59] 5 [worker] Treatment failed
[18:27:59] 581cd312dafd3 [worker] Generating invoice
[18:27:59] 581cd312d42c2 [worker] Invoice sent by email
[18:27:59] 581cd312d42c2 [worker] Message processed
[18:27:59] 581cd312dbdd7 [worker] Generating invoice
[18:27:59] 581cd312ceccc [worker] Invoice sent by email
[18:27:59] 581cd312ceccc [worker] Message processed
[18:27:59] 581cd312dcc68 [worker] Generating invoice
[18:28:00] 581cd312cfc24 [worker] Invoice sent by email
[18:28:00] 581cd312cfc24 [worker] Message processed
[18:28:00] 581cd312dd9e5 [worker] Generating invoice
[18:28:00] 581cd312d50b6 [worker] Invoice sent by email
[18:28:00] 581cd312d50b6 [worker] Message processed
[18:28:00] 581cd312de776 [worker] Generating invoice
[18:28:01] 581cd312d97b6 [worker] Invoice sent by email
[18:28:01] 581cd312d97b6 [worker] Message processed
[18:28:01] 5 [worker] Treatment failed
[18:28:01] 581cd3127919c [worker] Generating invoice
[18:28:01] 581cd312dbdd7 [worker] Invoice sent by email
[18:28:01] 581cd312dbdd7 [worker] Message processed
[18:28:01] 581cd31286916 [worker] Generating invoice
[18:28:01] 581cd312d7b00 [worker] Invoice sent by email
[18:28:01] 581cd312d7b00 [worker] Message processed
[18:28:01] 581cd3128d9fe [worker] Generating invoice
[18:28:02] 581cd312d5e8a [worker] Invoice sent by email
[18:28:02] 581cd312d5e8a [worker] Message processed
[18:28:02] 581cd31293874 [worker] Generating invoice
[18:28:02] 581cd312d6d20 [worker] Invoice sent by email
[18:28:02] 581cd312d6d20 [worker] Message processed
[18:28:02] 581cd3129541f [worker] Generating invoice
[18:28:02] 581cd312d89cc [worker] Invoice sent by email
[18:28:02] 581cd312d89cc [worker] Message processed
[18:28:02] 581cd3129bf48 [worker] Generating invoice
[18:28:03] 581cd312de776 [worker] Invoice sent by email
[18:28:03] 581cd312de776 [worker] Message processed
[18:28:03] 581cd3129cd46 [worker] Generating invoice
[18:28:03] 581cd3127919c [worker] Invoice sent by email
[18:28:03] 581cd312dafd3 [worker] Invoice sent by email
[18:28:03] 581cd312dafd3 [worker] Message processed
[18:28:03] 581cd3127919c [worker] Message processed
[18:28:03] 581cd312a1532 [worker] Generating invoice
[18:28:03] 581cd312a34a7 [worker] Generating invoice
[18:28:03] 581cd312dcc68 [worker] Invoice sent by email
[18:28:03] 581cd312dcc68 [worker] Message processed
[18:28:03] 581cd312ae712 [worker] Generating invoice
[18:28:04] 581cd312dd9e5 [worker] Invoice sent by email
[18:28:04] 581cd312dd9e5 [worker] Message processed
[18:28:04] 581cd312af55c [worker] Generating invoice
[18:28:04] 581cd31293874 [worker] Invoice sent by email
[18:28:04] 581cd31293874 [worker] Message processed
[18:28:04] 581cd312b1200 [worker] Generating invoice
[18:28:04] 581cd3129541f [worker] Invoice sent by email
[18:28:04] 581cd3129541f [worker] Message processed
[18:28:04] 581cd312b2f51 [worker] Generating invoice
[18:28:04] 581cd3129bf48 [worker] Invoice sent by email
[18:28:04] 581cd3129bf48 [worker] Message processed
[18:28:04] 581cd312b4b5c [worker] Generating invoice
[18:28:05] 581cd312a1532 [worker] Invoice sent by email
[18:28:05] 581cd312a1532 [worker] Message processed
[18:28:05] 581cd312c1a9f [worker] Generating invoice
[18:28:05] 581cd31286916 [worker] Invoice sent by email
[18:28:05] 581cd31286916 [worker] Message processed
[18:28:05] 5 [worker] Treatment failed
[18:28:05] 5 [worker] Treatment failed
[18:28:05] 581cd312cd06e [worker] Generating invoice
[18:28:05] 581cd3128d9fe [worker] Invoice sent by email
[18:28:05] 581cd3128d9fe [worker] Message processed
[18:28:05] 5 [worker] Treatment failed
[18:28:06] 581cd312ae712 [worker] Invoice sent by email
[18:28:06] 581cd312ae712 [worker] Message processed
[18:28:07] 581cd312b4b5c [worker] Invoice sent by email
[18:28:07] 581cd312b4b5c [worker] Message processed
[18:28:07] 581cd312af55c [worker] Invoice sent by email
[18:28:07] 581cd312af55c [worker] Message processed
[18:28:07] 581cd3129cd46 [worker] Invoice sent by email
[18:28:07] 581cd3129cd46 [worker] Message processed
[18:28:07] 581cd312b1200 [worker] Invoice sent by email
[18:28:07] 581cd312b1200 [worker] Message processed
[18:28:07] 581cd312a34a7 [worker] Invoice sent by email
[18:28:07] 581cd312a34a7 [worker] Message processed
[18:28:07] 581cd312c1a9f [worker] Invoice sent by email
[18:28:07] 581cd312c1a9f [worker] Message processed
[18:28:08] 581cd312b2f51 [worker] Invoice sent by email
[18:28:08] 581cd312b2f51 [worker] Message processed
[18:28:09] 581cd312da43e [worker] Generating invoice
[18:28:09] 581cd312cd06e [worker] Invoice sent by email
[18:28:09] 581cd312cd06e [worker] Message processed
[18:28:11] 581cd312df4a5 [worker] Generating invoice
[18:28:12] 581cd312da43e [worker] Invoice sent by email
[18:28:12] 581cd312da43e [worker] Message processed
[18:28:14] 581cd312df4a5 [worker] Invoice sent by email
[18:28:14] 581cd312df4a5 [worker] Message processed
[18:28:15] 581cd312c6ca1 [worker] Generating invoice
[18:28:15] 581cd312c424e [worker] Generating invoice
[18:28:15] 581cd312cde4e [worker] Generating invoice
[18:28:17] 581cd312c6ca1 [worker] Invoice sent by email
[18:28:17] 581cd312c6ca1 [worker] Message processed
[18:28:17] 581cd312cde4e [worker] Invoice sent by email
[18:28:17] 581cd312cde4e [worker] Message processed
[18:28:18] 581cd312c424e [worker] Invoice sent by email
[18:28:18] 581cd312c424e [worker] Message processed
[18:47:24] 23d4e2f2-0b2b-96fa-1074-429445b02c73 [api] Pending
[18:47:24] 23d4e2f2-0b2b-96fa-1074-429445b02c73 [worker] Generating invoice
[18:47:26] 0b708377-8972-1763-94be-1a66369d8230 [api] Pending
[18:47:26] 0b708377-8972-1763-94be-1a66369d8230 [worker] Generating invoice
[18:47:28] 0b708377-8972-1763-94be-1a66369d8230 [worker] Invoice sent by email
[18:47:28] 0b708377-8972-1763-94be-1a66369d8230 [worker] Message processed
[18:47:29] 23d4e2f2-0b2b-96fa-1074-429445b02c73 [worker] Invoice sent by email
[18:47:29] 23d4e2f2-0b2b-96fa-1074-429445b02c73 [worker] Message processed
[18:50:49] 570cafd7-bd20-a6c3-a5e0-be9478650fc5 [api] Pending
[18:50:49] 570cafd7-bd20-a6c3-a5e0-be9478650fc5 [worker] Generating invoice
[18:50:50] 72a724d9-edb4-e73d-d0a0-ff2b3a22e418 [api] Pending
[18:50:50] 72a724d9-edb4-e73d-d0a0-ff2b3a22e418 [worker] Generating invoice
[18:50:50] e05b530b-0c75-bab9-cc82-3308bcef9645 [api] Pending
[18:50:50] e05b530b-0c75-bab9-cc82-3308bcef9645 [worker] Generating invoice
[18:50:52] 570cafd7-bd20-a6c3-a5e0-be9478650fc5 [worker] Invoice sent by email
[18:50:52] 570cafd7-bd20-a6c3-a5e0-be9478650fc5 [worker] Message processed
[18:50:54] 72a724d9-edb4-e73d-d0a0-ff2b3a22e418 [worker] Invoice sent by email
[18:50:54] 72a724d9-edb4-e73d-d0a0-ff2b3a22e418 [worker] Message processed
[18:50:55] e05b530b-0c75-bab9-cc82-3308bcef9645 [worker] Invoice sent by email
[18:50:55] e05b530b-0c75-bab9-cc82-3308bcef9645 [worker] Message processed
[18:51:05] 71f67a20-ddff-250f-81c0-d59a64d5e127 [api] Pending
[18:51:05] 7 [worker] Treatment failed
[18:51:05] eb2bf869-9f79-255a-25e6-56fcb0e8fd34 [api] Pending
[18:51:06] eb2bf869-9f79-255a-25e6-56fcb0e8fd34 [worker] Generating invoice
[18:51:06] d4e1fafa-1335-7427-197c-23352b136022 [api] Pending
[18:51:06] d4e1fafa-1335-7427-197c-23352b136022 [worker] Generating invoice
[18:51:06] 9f54b46d-181e-c2c5-b744-f377c0e46127 [api] Pending
[18:51:06] 9f54b46d-181e-c2c5-b744-f377c0e46127 [worker] Generating invoice
[18:51:06] eff9e8d7-1233-d874-89df-c37ed4fc6776 [api] Pending
[18:51:06] e [worker] Treatment failed
[18:51:08] d4e1fafa-1335-7427-197c-23352b136022 [worker] Invoice sent by email
[18:51:08] d4e1fafa-1335-7427-197c-23352b136022 [worker] Message processed
[18:51:08] eb2bf869-9f79-255a-25e6-56fcb0e8fd34 [worker] Invoice sent by email
[18:51:08] eb2bf869-9f79-255a-25e6-56fcb0e8fd34 [worker] Message processed
[18:51:09] 9f54b46d-181e-c2c5-b744-f377c0e46127 [worker] Invoice sent by email
[18:51:09] 9f54b46d-181e-c2c5-b744-f377c0e46127 [worker] Message processed
[18:51:15] 71f67a20-ddff-250f-81c0-d59a64d5e127 [worker] Generating invoice
[18:51:16] 34577719-70f1-36ea-9de8-7c30a42fff69 [api] Pending
[18:51:16] 3 [worker] Treatment failed
[18:51:16] 2dfa451f-b348-800a-601a-e94db8cff403 [api] Pending
[18:51:16] 2dfa451f-b348-800a-601a-e94db8cff403 [worker] Generating invoice
[18:51:16] eff9e8d7-1233-d874-89df-c37ed4fc6776 [worker] Generating invoice
[18:51:18] 2dfa451f-b348-800a-601a-e94db8cff403 [worker] Invoice sent by email
[18:51:18] 2dfa451f-b348-800a-601a-e94db8cff403 [worker] Message processed
[18:51:19] 71f67a20-ddff-250f-81c0-d59a64d5e127 [worker] Invoice sent by email
[18:51:19] 71f67a20-ddff-250f-81c0-d59a64d5e127 [worker] Message processed
[18:51:20] eff9e8d7-1233-d874-89df-c37ed4fc6776 [worker] Invoice sent by email
[18:51:20] eff9e8d7-1233-d874-89df-c37ed4fc6776 [worker] Message processed
[18:51:26] 3 [worker] Treatment failed
[18:51:36] 34577719-70f1-36ea-9de8-7c30a42fff69 [worker] Generating invoice
[18:51:40] 34577719-70f1-36ea-9de8-7c30a42fff69 [worker] Invoice sent by email
[18:51:40] 34577719-70f1-36ea-9de8-7c30a42fff69 [worker] Message processed
[18:56:49] 77f56e59-5771-7ae0-1ea7-0e8167a4cd43 [api] Pending
[18:56:49] 7 [worker] Treatment failed
[18:56:49] cd7fe1d0-04a8-a3ea-5297-3d56719d2aa2 [api] Pending
[18:56:49] cd7fe1d0-04a8-a3ea-5297-3d56719d2aa2 [worker] Generating invoice
[18:56:52] cd7fe1d0-04a8-a3ea-5297-3d56719d2aa2 [worker] Invoice sent by email
[18:56:52] cd7fe1d0-04a8-a3ea-5297-3d56719d2aa2 [worker] Message processed
[18:56:59] 77f56e59-5771-7ae0-1ea7-0e8167a4cd43 [worker] Generating invoice
[18:57:02] 77f56e59-5771-7ae0-1ea7-0e8167a4cd43 [worker] Invoice sent by email
[18:57:02] 77f56e59-5771-7ae0-1ea7-0e8167a4cd43 [worker] Message processed
[18:59:33] 7593c956-0955-0de2-7c84-bdf5c8103cf1 [api] Pending
[18:59:33] 7 [worker] Treatment failed
[18:59:34] f6e56355-743a-4174-537b-e0f546f328e7 [api] Pending
[18:59:34] f [worker] Treatment failed
[18:59:43] 7593c956-0955-0de2-7c84-bdf5c8103cf1 [worker] Generating invoice
[18:59:44] f [worker] Treatment failed
[18:59:45] 7593c956-0955-0de2-7c84-bdf5c8103cf1 [worker] Invoice sent by email
[18:59:45] 7593c956-0955-0de2-7c84-bdf5c8103cf1 [worker] Message processed
[18:59:54] f6e56355-743a-4174-537b-e0f546f328e7 [worker] Generating invoice
[18:59:56] f6e56355-743a-4174-537b-e0f546f328e7 [worker] Invoice sent by email
[18:59:56] f6e56355-743a-4174-537b-e0f546f328e7 [worker] Message processed
[19:09:00] 752ac976-2127-073e-dfa3-eb1936a5992e [api] Pending
[19:09:00] 752ac976-2127-073e-dfa3-eb1936a5992e [worker] Generating invoice
[19:09:00] e73e8a95-a908-c7b3-a832-f7dcdc7ea878 [api] Pending
[19:09:00] e73e8a95-a908-c7b3-a832-f7dcdc7ea878 [worker] Generating invoice
[19:09:00] 49ef56aa-0806-9144-d05a-aeb1a5bc30ed [api] Pending
[19:09:00] 49ef56aa-0806-9144-d05a-aeb1a5bc30ed [worker] Generating invoice
[19:09:01] bb8c872e-cc0b-29f1-239c-c9cdad66aa78 [api] Pending
[19:09:01] b [worker] Treatment failed
[19:09:03] 49ef56aa-0806-9144-d05a-aeb1a5bc30ed [worker] Invoice sent by email
[19:09:03] 49ef56aa-0806-9144-d05a-aeb1a5bc30ed [worker] Message processed
[19:09:03] e73e8a95-a908-c7b3-a832-f7dcdc7ea878 [worker] Invoice sent by email
[19:09:03] e73e8a95-a908-c7b3-a832-f7dcdc7ea878 [worker] Message processed
[19:09:04] 752ac976-2127-073e-dfa3-eb1936a5992e [worker] Invoice sent by email
[19:09:04] 752ac976-2127-073e-dfa3-eb1936a5992e [worker] Message processed
[19:09:11] bb8c872e-cc0b-29f1-239c-c9cdad66aa78 [worker] Generating invoice
[19:09:15] bb8c872e-cc0b-29f1-239c-c9cdad66aa78 [worker] Invoice sent by email
[19:09:15] bb8c872e-cc0b-29f1-239c-c9cdad66aa78 [worker] Message processed
[19:10:23] ecaf8b43-ad09-3394-f8ee-3171d604d094 [api] Pending
[19:10:23] ecaf8b43-ad09-3394-f8ee-3171d604d094 [worker] Generating invoice
[19:10:23] bef68b7f-313f-7242-5e86-4b7ddd8fb6f5 [api] Pending
[19:10:23] bef68b7f-313f-7242-5e86-4b7ddd8fb6f5 [worker] Generating invoice
[19:10:23] 02646363-10b1-f846-e364-102d53d28946 [api] Pending
[19:10:23] 02646363-10b1-f846-e364-102d53d28946 [worker] Generating invoice
[19:10:24] 9e15387c-24a9-b08f-56bc-edfa4f3e8bad [api] Pending
[19:10:24] 9e15387c-24a9-b08f-56bc-edfa4f3e8bad [worker] Generating invoice
[19:10:25] bef68b7f-313f-7242-5e86-4b7ddd8fb6f5 [worker] Invoice sent by email
[19:10:25] bef68b7f-313f-7242-5e86-4b7ddd8fb6f5 [worker] Message processed
[19:10:26] ecaf8b43-ad09-3394-f8ee-3171d604d094 [worker] Invoice sent by email
[19:10:26] ecaf8b43-ad09-3394-f8ee-3171d604d094 [worker] Message processed
[19:10:27] 9e15387c-24a9-b08f-56bc-edfa4f3e8bad [worker] Invoice sent by email
[19:10:27] 9e15387c-24a9-b08f-56bc-edfa4f3e8bad [worker] Message processed
[19:10:27] 02646363-10b1-f846-e364-102d53d28946 [worker] Invoice sent by email
[19:10:27] 02646363-10b1-f846-e364-102d53d28946 [worker] Message processed
[19:16:08] c0a83948-84bf-25b5-abc2-591438a9a4e7 [api] Pending
[19:16:09] c0a83948-84bf-25b5-abc2-591438a9a4e7 [worker] Generating invoice
[19:16:09] 75eee13e-9891-3185-c77a-dc4ecd2dfd5b [api] Pending
[19:16:09] 75eee13e-9891-3185-c77a-dc4ecd2dfd5b [worker] Generating invoice
[19:16:09] 8c38d2ff-0330-68ca-e189-c87f4480b796 [api] Pending
[19:16:09] 8c38d2ff-0330-68ca-e189-c87f4480b796 [worker] Generating invoice
[19:16:09] 69de867f-5e03-474a-49cf-9757b63e1511 [api] Pending
[19:16:09] 69de867f-5e03-474a-49cf-9757b63e1511 [worker] Generating invoice
[19:16:10] c80c1945-cafd-c8ae-9638-3b35896315c2 [api] Pending
[19:16:10] c80c1945-cafd-c8ae-9638-3b35896315c2 [worker] Generating invoice
[19:16:10] 70277cb2-60bd-2359-f2b4-80bfff997f0f [api] Pending
[19:16:10] 5ff96cf4-7fbd-fee3-c403-d9859d36cf42 [api] Pending
[19:16:10] 03f1d401-435f-5100-1baf-e8fcda6ee6c2 [api] Pending
[19:16:10] b4577591-0f06-1e51-6854-37ac48f3ae9a [api] Pending
[19:16:10] 82af45a1-61f6-bca5-5b22-02a5e12ae1c2 [api] Pending
[19:16:11] c0a83948-84bf-25b5-abc2-591438a9a4e7 [worker] Invoice sent by email
[19:16:11] c0a83948-84bf-25b5-abc2-591438a9a4e7 [worker] Message processed
[19:16:11] 70277cb2-60bd-2359-f2b4-80bfff997f0f [worker] Generating invoice
[19:16:12] 75eee13e-9891-3185-c77a-dc4ecd2dfd5b [worker] Invoice sent by email
[19:16:12] 75eee13e-9891-3185-c77a-dc4ecd2dfd5b [worker] Message processed
[19:16:12] 5ff96cf4-7fbd-fee3-c403-d9859d36cf42 [worker] Generating invoice
[19:16:12] c80c1945-cafd-c8ae-9638-3b35896315c2 [worker] Invoice sent by email
[19:16:12] c80c1945-cafd-c8ae-9638-3b35896315c2 [worker] Message processed
[19:16:12] 03f1d401-435f-5100-1baf-e8fcda6ee6c2 [worker] Generating invoice
[19:16:13] 8c38d2ff-0330-68ca-e189-c87f4480b796 [worker] Invoice sent by email
[19:16:13] 8c38d2ff-0330-68ca-e189-c87f4480b796 [worker] Message processed
[19:16:13] b4577591-0f06-1e51-6854-37ac48f3ae9a [worker] Generating invoice
[19:16:14] 69de867f-5e03-474a-49cf-9757b63e1511 [worker] Invoice sent by email
[19:16:14] 69de867f-5e03-474a-49cf-9757b63e1511 [worker] Message processed
[19:16:14] 82af45a1-61f6-bca5-5b22-02a5e12ae1c2 [worker] Generating invoice
[19:16:14] 70277cb2-60bd-2359-f2b4-80bfff997f0f [worker] Invoice sent by email
[19:16:14] 70277cb2-60bd-2359-f2b4-80bfff997f0f [worker] Message processed
[19:16:15] 03f1d401-435f-5100-1baf-e8fcda6ee6c2 [worker] Invoice sent by email
[19:16:15] 03f1d401-435f-5100-1baf-e8fcda6ee6c2 [worker] Message processed
[19:16:16] 5ff96cf4-7fbd-fee3-c403-d9859d36cf42 [worker] Invoice sent by email
[19:16:16] 5ff96cf4-7fbd-fee3-c403-d9859d36cf42 [worker] Message processed
[19:16:17] b4577591-0f06-1e51-6854-37ac48f3ae9a [worker] Invoice sent by email
[19:16:17] b4577591-0f06-1e51-6854-37ac48f3ae9a [worker] Message processed
[19:16:17] 82af45a1-61f6-bca5-5b22-02a5e12ae1c2 [worker] Invoice sent by email
[19:16:17] 82af45a1-61f6-bca5-5b22-02a5e12ae1c2 [worker] Message processed
[19:16:38] b91ad567-e1d5-407a-6fd0-18dd4ffb148f [api] Pending
[19:16:38] b91ad567-e1d5-407a-6fd0-18dd4ffb148f [worker] Treatment failed
[19:16:38] f53ab669-5b52-4a24-fcf9-7561dd5aa688 [api] Pending
[19:16:38] f53ab669-5b52-4a24-fcf9-7561dd5aa688 [worker] Generating invoice
[19:16:39] a718dd73-cbf3-58aa-372b-e2c432995681 [worker] Treatment failed
[19:16:39] a718dd73-cbf3-58aa-372b-e2c432995681 [api] Pending
[19:16:39] ed614831-a6ba-ffc0-dbe4-3671dbffb12e [api] Pending
[19:16:39] ed614831-a6ba-ffc0-dbe4-3671dbffb12e [worker] Treatment failed
[19:16:39] d5cbf0fb-4279-4393-bf19-58ed89f373cb [api] Pending
[19:16:39] d5cbf0fb-4279-4393-bf19-58ed89f373cb [worker] Generating invoice
[19:16:39] 64aeefde-e639-e394-0924-32ff2735ab19 [worker] Generating invoice
[19:16:39] 64aeefde-e639-e394-0924-32ff2735ab19 [api] Pending
[19:16:39] 9d82c04e-2096-55a1-86cc-ed626ff03c6f [api] Pending
[19:16:39] 9d82c04e-2096-55a1-86cc-ed626ff03c6f [worker] Generating invoice
[19:16:40] b90205cd-a103-5481-ee40-03992d9092f6 [api] Pending
[19:16:40] b90205cd-a103-5481-ee40-03992d9092f6 [worker] Generating invoice
[19:16:40] 776f135b-8a09-3c15-8311-1eb76ef98e6d [api] Pending
[19:16:40] e97407ec-6bd5-39bf-0d2f-a630a9751079 [api] Pending
[19:16:40] 30c3a776-9611-ef51-6663-81b198e48fbe [api] Pending
[19:16:40] 85e8e523-366b-7234-579a-5fbd4dba428e [api] Pending
[19:16:40] ce93328e-97fc-8871-c5d6-768865a9d723 [api] Pending
[19:16:40] 170993e8-1d0b-1841-a885-3668fe94ff1f [api] Pending
[19:16:41] 574f2cb1-fc2e-9070-b0dd-8d68a7776b98 [api] Pending
[19:16:41] bfbf1a2c-91af-5f6f-1492-9af1aac6d65c [api] Pending
[19:16:41] 64aeefde-e639-e394-0924-32ff2735ab19 [worker] Invoice sent by email
[19:16:41] 64aeefde-e639-e394-0924-32ff2735ab19 [worker] Message processed
[19:16:41] 776f135b-8a09-3c15-8311-1eb76ef98e6d [worker] Treatment failed
[19:16:41] e97407ec-6bd5-39bf-0d2f-a630a9751079 [worker] Generating invoice
[19:16:41] f53ab669-5b52-4a24-fcf9-7561dd5aa688 [worker] Invoice sent by email
[19:16:41] f53ab669-5b52-4a24-fcf9-7561dd5aa688 [worker] Message processed
[19:16:41] 30c3a776-9611-ef51-6663-81b198e48fbe [worker] Treatment failed
[19:16:41] 85e8e523-366b-7234-579a-5fbd4dba428e [worker] Generating invoice
[19:16:42] d5cbf0fb-4279-4393-bf19-58ed89f373cb [worker] Invoice sent by email
[19:16:42] d5cbf0fb-4279-4393-bf19-58ed89f373cb [worker] Message processed
[19:16:42] ce93328e-97fc-8871-c5d6-768865a9d723 [worker] Generating invoice
[19:16:43] b90205cd-a103-5481-ee40-03992d9092f6 [worker] Invoice sent by email
[19:16:43] b90205cd-a103-5481-ee40-03992d9092f6 [worker] Message processed
[19:16:43] 170993e8-1d0b-1841-a885-3668fe94ff1f [worker] Generating invoice
[19:16:43] 9d82c04e-2096-55a1-86cc-ed626ff03c6f [worker] Invoice sent by email
[19:16:43] 9d82c04e-2096-55a1-86cc-ed626ff03c6f [worker] Message processed
[19:16:43] 574f2cb1-fc2e-9070-b0dd-8d68a7776b98 [worker] Treatment failed
[19:16:43] bfbf1a2c-91af-5f6f-1492-9af1aac6d65c [worker] Generating invoice
[19:16:43] e97407ec-6bd5-39bf-0d2f-a630a9751079 [worker] Invoice sent by email
[19:16:43] e97407ec-6bd5-39bf-0d2f-a630a9751079 [worker] Message processed
[19:16:45] 85e8e523-366b-7234-579a-5fbd4dba428e [worker] Invoice sent by email
[19:16:45] 85e8e523-366b-7234-579a-5fbd4dba428e [worker] Message processed
[19:16:46] 170993e8-1d0b-1841-a885-3668fe94ff1f [worker] Invoice sent by email
[19:16:46] 170993e8-1d0b-1841-a885-3668fe94ff1f [worker] Message processed
[19:16:46] ce93328e-97fc-8871-c5d6-768865a9d723 [worker] Invoice sent by email
[19:16:46] ce93328e-97fc-8871-c5d6-768865a9d723 [worker] Message processed
[19:16:48] bfbf1a2c-91af-5f6f-1492-9af1aac6d65c [worker] Invoice sent by email
[19:16:48] bfbf1a2c-91af-5f6f-1492-9af1aac6d65c [worker] Message processed
[19:16:48] b91ad567-e1d5-407a-6fd0-18dd4ffb148f [worker] Generating invoice
[19:16:49] a718dd73-cbf3-58aa-372b-e2c432995681 [worker] Treatment failed
[19:16:49] ed614831-a6ba-ffc0-dbe4-3671dbffb12e [worker] Treatment failed
[19:16:50] b91ad567-e1d5-407a-6fd0-18dd4ffb148f [worker] Invoice sent by email
[19:16:50] b91ad567-e1d5-407a-6fd0-18dd4ffb148f [worker] Message processed
[19:16:51] 776f135b-8a09-3c15-8311-1eb76ef98e6d [worker] Generating invoice
[19:16:51] 30c3a776-9611-ef51-6663-81b198e48fbe [worker] Generating invoice
[19:16:53] 574f2cb1-fc2e-9070-b0dd-8d68a7776b98 [worker] Generating invoice
[19:16:54] 776f135b-8a09-3c15-8311-1eb76ef98e6d [worker] Invoice sent by email
[19:16:54] 776f135b-8a09-3c15-8311-1eb76ef98e6d [worker] Message processed
[19:16:56] 574f2cb1-fc2e-9070-b0dd-8d68a7776b98 [worker] Invoice sent by email
[19:16:56] 30c3a776-9611-ef51-6663-81b198e48fbe [worker] Invoice sent by email
[19:16:56] 574f2cb1-fc2e-9070-b0dd-8d68a7776b98 [worker] Message processed
[19:16:56] 30c3a776-9611-ef51-6663-81b198e48fbe [worker] Message processed
[19:16:59] a718dd73-cbf3-58aa-372b-e2c432995681 [worker] Generating invoice
[19:16:59] ed614831-a6ba-ffc0-dbe4-3671dbffb12e [worker] Treatment failed
[19:17:03] a718dd73-cbf3-58aa-372b-e2c432995681 [worker] Invoice sent by email
[19:17:03] a718dd73-cbf3-58aa-372b-e2c432995681 [worker] Message processed
[19:17:09] ed614831-a6ba-ffc0-dbe4-3671dbffb12e [worker] Generating invoice
[19:17:11] ed614831-a6ba-ffc0-dbe4-3671dbffb12e [worker] Invoice sent by email
[19:17:11] ed614831-a6ba-ffc0-dbe4-3671dbffb12e [worker] Message processed
[15:51:43] 76865478-5ba1-09e2-91b4-12b18e02289d [api] Pending
[15:51:43] 76865478-5ba1-09e2-91b4-12b18e02289d [worker] Treatment failed
[15:51:53] 76865478-5ba1-09e2-91b4-12b18e02289d [worker] Treatment failed
[15:52:03] 76865478-5ba1-09e2-91b4-12b18e02289d [worker] Generating invoice
[15:52:06] 76865478-5ba1-09e2-91b4-12b18e02289d [worker] Invoice sent by email
[15:52:06] 76865478-5ba1-09e2-91b4-12b18e02289d [worker] Message processed
[15:52:11] 8fce6e2e-63f2-bcca-f919-af67bcd81e7e [api] Pending
[15:52:11] 8fce6e2e-63f2-bcca-f919-af67bcd81e7e [worker] Treatment failed
[15:52:14] b84a9857-406a-caff-90b2-88a2e4c30467 [api] Pending
[15:52:15] b84a9857-406a-caff-90b2-88a2e4c30467 [worker] Generating invoice
[15:52:17] b84a9857-406a-caff-90b2-88a2e4c30467 [worker] Invoice sent by email
[15:52:17] b84a9857-406a-caff-90b2-88a2e4c30467 [worker] Message processed
[15:52:21] 8fce6e2e-63f2-bcca-f919-af67bcd81e7e [worker] Generating invoice
[15:52:23] 8fce6e2e-63f2-bcca-f919-af67bcd81e7e [worker] Invoice sent by email
[15:52:23] 8fce6e2e-63f2-bcca-f919-af67bcd81e7e [worker] Message processed
[15:52:25] f0ee0ef0-dcb3-b5cd-cb55-ca8c43f0d65a [api] Pending
[15:52:25] f0ee0ef0-dcb3-b5cd-cb55-ca8c43f0d65a [worker] Treatment failed
[15:52:25] 8ed47fdd-909e-58e8-d99f-7762588d5bd0 [api] Pending
[15:52:25] 8ed47fdd-909e-58e8-d99f-7762588d5bd0 [worker] Treatment failed
[15:52:25] 1a5b7fc4-3cb2-1ba5-5448-d0655c10f8de [api] Pending
[15:52:25] 1a5b7fc4-3cb2-1ba5-5448-d0655c10f8de [worker] Generating invoice
[15:52:30] 1a5b7fc4-3cb2-1ba5-5448-d0655c10f8de [worker] Invoice sent by email
[15:52:30] 1a5b7fc4-3cb2-1ba5-5448-d0655c10f8de [worker] Message processed
[15:52:35] f0ee0ef0-dcb3-b5cd-cb55-ca8c43f0d65a [worker] Generating invoice
[15:52:35] 8ed47fdd-909e-58e8-d99f-7762588d5bd0 [worker] Generating invoice
[15:52:37] f0ee0ef0-dcb3-b5cd-cb55-ca8c43f0d65a [worker] Invoice sent by email
[15:52:37] f0ee0ef0-dcb3-b5cd-cb55-ca8c43f0d65a [worker] Message processed
[15:52:37] 8ed47fdd-909e-58e8-d99f-7762588d5bd0 [worker] Invoice sent by email
[15:52:37] 8ed47fdd-909e-58e8-d99f-7762588d5bd0 [worker] Message processed
[18:21:03] 37db1c9d-7439-04ff-9a4f-996d9b636d2c [api] Pending
[18:21:03] 37db1c9d-7439-04ff-9a4f-996d9b636d2c [worker] Treatment failed
[18:21:08] 37db1c9d-7439-04ff-9a4f-996d9b636d2c [worker] Generating invoice
[18:21:16] 37db1c9d-7439-04ff-9a4f-996d9b636d2c [worker] Invoice sent by email
[18:21:16] 37db1c9d-7439-04ff-9a4f-996d9b636d2c [worker] Message processed
[18:21:22] afe4da94-55bf-4dd0-1a3c-e38e03dbb8ac [worker] Generating invoice
[18:21:22] afe4da94-55bf-4dd0-1a3c-e38e03dbb8ac [api] Pending
[18:21:26] afe4da94-55bf-4dd0-1a3c-e38e03dbb8ac [worker] Invoice sent by email
[18:21:26] afe4da94-55bf-4dd0-1a3c-e38e03dbb8ac [worker] Message processed
[14:34:40] 3c0b6853-35f3-19ff-265e-eeb5e1c39f85 [api] Generating invoice
[14:34:45] 3c0b6853-35f3-19ff-265e-eeb5e1c39f85 [api] Invoice sent by email
[14:34:45] 3c0b6853-35f3-19ff-265e-eeb5e1c39f85 [api] Success
[09:12:22] 74dbbd1b-2b18-1e73-d5e5-35f820b97658 [api] Pending
[09:12:23] 74dbbd1b-2b18-1e73-d5e5-35f820b97658 [worker] Generating invoice
[09:12:26] 74dbbd1b-2b18-1e73-d5e5-35f820b97658 [worker] Invoice sent by email
[09:12:26] 74dbbd1b-2b18-1e73-d5e5-35f820b97658 [worker] Message processed
[09:12:39] 6ea77d91-848d-f107-62f3-f10089a42c12 [api] Pending
[09:12:39] 6ea77d91-848d-f107-62f3-f10089a42c12 [worker] Generating invoice
[09:12:41] 6ea77d91-848d-f107-62f3-f10089a42c12 [worker] Invoice sent by email
[09:12:41] 6ea77d91-848d-f107-62f3-f10089a42c12 [worker] Message processed
[09:12:59] 538e34e6-169e-6d19-3320-40a442c946c1 [api] Pending
[09:13:00] 538e34e6-169e-6d19-3320-40a442c946c1 [worker] Generating invoice
[09:13:03] 538e34e6-169e-6d19-3320-40a442c946c1 [worker] Invoice sent by email
[09:13:03] 538e34e6-169e-6d19-3320-40a442c946c1 [worker] Message processed
[09:14:19] 1c27a108-313d-fc88-fdc6-c4ea3f79eed7 [api] Pending
[09:14:19] 1c27a108-313d-fc88-fdc6-c4ea3f79eed7 [worker] Generating invoice
[09:14:21] 1c27a108-313d-fc88-fdc6-c4ea3f79eed7 [worker] Invoice sent by email
[09:14:21] 1c27a108-313d-fc88-fdc6-c4ea3f79eed7 [worker] Message processed
[09:18:30] a70ec82a-611a-f340-3ae5-b4f5285f410d [api] Pending
[09:18:30] a70ec82a-611a-f340-3ae5-b4f5285f410d [worker] Generating invoice
[09:18:33] a70ec82a-611a-f340-3ae5-b4f5285f410d [worker] Invoice sent by email
[09:18:33] a70ec82a-611a-f340-3ae5-b4f5285f410d [worker] Message processed
[09:19:04] 7db0e959-ab74-4542-ad20-1f8b8659a679 [api] Pending
[09:19:04] 7db0e959-ab74-4542-ad20-1f8b8659a679 [worker] Generating invoice
[09:19:06] 7db0e959-ab74-4542-ad20-1f8b8659a679 [worker] Invoice sent by email
[09:19:06] 7db0e959-ab74-4542-ad20-1f8b8659a679 [worker] Message processed
[15:40:27] 894f8ad6-bbae-eb53-6fe3-f35c3e24e537 [api] Pending
[15:40:27] 894f8ad6-bbae-eb53-6fe3-f35c3e24e537 [worker] Generating invoice
[15:40:29] 894f8ad6-bbae-eb53-6fe3-f35c3e24e537 [worker] Invoice sent by email
[15:40:29] 894f8ad6-bbae-eb53-6fe3-f35c3e24e537 [worker] Message processed
[16:13:36] 53b1df26-ddf9-6172-8313-2201f1006257 [api] Request received
[16:13:36] 53b1df26-ddf9-6172-8313-2201f1006257 [api] Generating invoice
[16:13:40] 53b1df26-ddf9-6172-8313-2201f1006257 [api] Address in mailbox given [] does not comply with RFC 2822, 3.6.2.
[16:13:59] d1c3d849-f6b6-95d5-ee62-e7d6b89194f9 [api] Request received
[16:13:59] d1c3d849-f6b6-95d5-ee62-e7d6b89194f9 [api] Generating invoice
[16:14:03] d1c3d849-f6b6-95d5-ee62-e7d6b89194f9 [api] Invoice sent by email
[16:14:03] d1c3d849-f6b6-95d5-ee62-e7d6b89194f9 [api] Success
[16:25:12] cdc4292c-d5eb-97f3-6110-b7ee023ea86c [api] Request received
[16:25:12] cdc4292c-d5eb-97f3-6110-b7ee023ea86c [api] Generating invoice
[16:25:15] cdc4292c-d5eb-97f3-6110-b7ee023ea86c [api] Invoice sent by email
[16:25:15] cdc4292c-d5eb-97f3-6110-b7ee023ea86c [api] Success
[16:31:30] cd9738d6-36f9-d21f-10f0-3d349531637b [api] Request received
[16:31:30] cd9738d6-36f9-d21f-10f0-3d349531637b [api] Generating invoice
[16:31:34] cd9738d6-36f9-d21f-10f0-3d349531637b [api] Invoice sent by email
[16:31:34] cd9738d6-36f9-d21f-10f0-3d349531637b [api] Success
